

================================================================
== Vivado HLS Report for 'sub10'
================================================================
* Date:           Wed Jul  6 21:32:47 2016

* Version:        2015.3 (Build 1368829 on Mon Sep 28 20:31:51 PM 2015)
* Project:        sub10
* Solution:       solution
* Product family: zynq
* Target device:  xc7z020clg484-2


================================================================
== Performance Estimates
================================================================
+ Timing (ns): 
    * Summary: 
    +--------+-------+----------+------------+
    |  Clock | Target| Estimated| Uncertainty|
    +--------+-------+----------+------------+
    |ap_clk  |   5.00|      4.20|        0.62|
    +--------+-------+----------+------------+

+ Latency (clock cycles): 
    * Summary: 
    +-----+-----+-----+-----+---------+
    |  Latency  |  Interval | Pipeline|
    | min | max | min | max |   Type  |
    +-----+-----+-----+-----+---------+
    |    0|    0|    1|    1|   none  |
    +-----+-----+-----+-----+---------+

    + Detail: 
        * Instance: 
        N/A

        * Loop: 
        N/A

============================================================
+ Verbose Summary: Synthesis Manager
============================================================
InlineROM: 1
ExposeGlobal: 0
============================================================
+ Verbose Summary: CDFG Model
============================================================
IsTopModel: 1
ResetActiveHigh: 1
IsCombinational: 0
IsDatapathOnly: 0
HasWiredReturn: 1
HasMFsm: 0
HasVarLatency: 0
IsPipeline: 0
IsRtlPipelined: 0
IsInstanceOverlapped: 0
IsDontTouch: 0
HasImplIP: 0
IsGatedGlobalClock: 0


============================================================
+ Verbose Summary: Schedule
============================================================
* Number of FSM states: 1
* Pipeline: 0
* Dataflow Pipeline: 0

* FSM state transitions: 
1 --> 
* FSM state operations: 

 <State 1>: 4.20ns
ST_1: stg_2 [1/1] 0.00ns
:0  call void (...)* @_ssdm_op_SpecBitsMap(i74* %io_resp_V), !map !7

ST_1: stg_3 [1/1] 0.00ns
:1  call void (...)* @_ssdm_op_SpecBitsMap(i160* %io_cmd_V), !map !29

ST_1: stg_4 [1/1] 0.00ns
:2  call void (...)* @_ssdm_op_SpecTopModule([6 x i8]* @sub10_str) nounwind

ST_1: stg_5 [1/1] 0.00ns
:3  call void (...)* @_ssdm_op_SpecInterface(i74* %io_resp_V, [6 x i8]* @p_str, i32 0, i32 0, i32 0, i32 0, [1 x i8]* @p_str1, [1 x i8]* @p_str1, [1 x i8]* @p_str1, [1 x i8]* @p_str1) nounwind

ST_1: stg_6 [1/1] 0.00ns
:4  call void (...)* @_ssdm_op_SpecInterface(i160* %io_cmd_V, [6 x i8]* @p_str, i32 0, i32 0, i32 0, i32 0, [1 x i8]* @p_str1, [1 x i8]* @p_str1, [1 x i8]* @p_str1, [1 x i8]* @p_str1) nounwind

ST_1: stg_7 [1/1] 0.00ns
:5  call void (...)* @_ssdm_op_SpecInterface(i32 0, [13 x i8]* @p_str2, i32 0, i32 0, i32 0, i32 0, [1 x i8]* @p_str1, [1 x i8]* @p_str1, [1 x i8]* @p_str1, [1 x i8]* @p_str1) nounwind

ST_1: tmp1 [1/1] 0.00ns
:6  %tmp1 = call i160 @_ssdm_op_Read.ap_hs.volatile.i160P(i160* %io_cmd_V)

ST_1: tmp_rd_V [1/1] 0.00ns
:7  %tmp_rd_V = call i5 @_ssdm_op_PartSelect.i5.i160.i32.i32(i160 %tmp1, i32 20, i32 24)

ST_1: a_V [1/1] 0.00ns
:8  %a_V = call i64 @_ssdm_op_PartSelect.i64.i160.i32.i32(i160 %tmp1, i32 32, i32 95)

ST_1: b_V [1/1] 0.00ns
:9  %b_V = call i64 @_ssdm_op_PartSelect.i64.i160.i32.i32(i160 %tmp1, i32 96, i32 159)

ST_1: tmp [1/1] 2.10ns
:10  %tmp = add i64 %a_V, 10

ST_1: a_V_2 [1/1] 2.10ns
:11  %a_V_2 = sub i64 %tmp, %b_V

ST_1: tmp_1 [1/1] 0.00ns
:12  %tmp_1 = call i74 @_ssdm_op_BitConcatenate.i74.i64.i5.i5(i64 %a_V_2, i5 %tmp_rd_V, i5 0)

ST_1: stg_15 [1/1] 0.00ns
:13  call void @_ssdm_op_Write.ap_hs.volatile.i74P(i74* %io_resp_V, i74 %tmp_1)

ST_1: stg_16 [1/1] 0.00ns
:14  ret void



============================================================
+ Verbose Summary: Binding
============================================================
STG Binding: 
---------------- STG Properties BEGIN ----------------
- Is combinational: 0
- Is one-state seq: 1
- Is datapath-only: 0
- Is clock enabled: 0
- Is pipelined: 0
- Is top level: 1
Port [ Return ] is wired: 1; IO mode=ap_ctrl_none:ce=0
Port [ io_cmd_V]:  wired=1; compound=0; hidden=0; nouse=0; global=0; static=0; extern=0; dir=0; type=0; mode=0x7fefdf1ede20; pingpong=0; private_global=0; IO mode=ap_hs:ce=0
Port [ io_resp_V]:  wired=1; compound=0; hidden=0; nouse=0; global=0; static=0; extern=0; dir=1; type=0; mode=0x7fefde89cd60; pingpong=0; private_global=0; IO mode=ap_hs:ce=0
---------------- STG Properties END ------------------

---------------- Datapath Model BEGIN ----------------

<LifeTime>
<method=bitvector/>
stg_2    (specbitsmap   ) [ 00]
stg_3    (specbitsmap   ) [ 00]
stg_4    (spectopmodule ) [ 00]
stg_5    (specinterface ) [ 00]
stg_6    (specinterface ) [ 00]
stg_7    (specinterface ) [ 00]
tmp1     (read          ) [ 00]
tmp_rd_V (partselect    ) [ 00]
a_V      (partselect    ) [ 00]
b_V      (partselect    ) [ 00]
tmp      (add           ) [ 00]
a_V_2    (sub           ) [ 00]
tmp_1    (bitconcatenate) [ 00]
stg_15   (write         ) [ 00]
stg_16   (ret           ) [ 00]
</LifeTime>

<model>

<comp_list>
<comp id="0" class="1000" name="io_cmd_V">
<pin_list>
<pin id="1" dir="1" index="0" bw="1" slack="0"/>
</pin_list>
<bind>
<StgValue><ssdm name="io_cmd_V"/></StgValue>
</bind>
</comp>

<comp id="2" class="1000" name="io_resp_V">
<pin_list>
<pin id="3" dir="1" index="0" bw="1" slack="0"/>
</pin_list>
<bind>
<StgValue><ssdm name="io_resp_V"/></StgValue>
</bind>
</comp>

<comp id="4" class="1001" name="const_4">
<pin_list>
<pin id="5" dir="1" index="0" bw="1" slack="2147483647"/>
</pin_list>
<bind>
<StgValue><ssdm name="_ssdm_op_SpecBitsMap"/></StgValue>
</bind>
</comp>

<comp id="6" class="1001" name="const_6">
<pin_list>
<pin id="7" dir="1" index="0" bw="1" slack="2147483647"/>
</pin_list>
<bind>
<StgValue><ssdm name="_ssdm_op_SpecTopModule"/></StgValue>
</bind>
</comp>

<comp id="8" class="1001" name="const_8">
<pin_list>
<pin id="9" dir="1" index="0" bw="1" slack="2147483647"/>
</pin_list>
<bind>
<StgValue><ssdm name="sub10_str"/></StgValue>
</bind>
</comp>

<comp id="10" class="1001" name="const_10">
<pin_list>
<pin id="11" dir="1" index="0" bw="1" slack="2147483647"/>
</pin_list>
<bind>
<StgValue><ssdm name="_ssdm_op_SpecInterface"/></StgValue>
</bind>
</comp>

<comp id="12" class="1001" name="const_12">
<pin_list>
<pin id="13" dir="1" index="0" bw="1" slack="2147483647"/>
</pin_list>
<bind>
<StgValue><ssdm name="p_str"/></StgValue>
</bind>
</comp>

<comp id="14" class="1001" name="const_14">
<pin_list>
<pin id="15" dir="1" index="0" bw="1" slack="2147483647"/>
</pin_list>
<bind>
<StgValue><ssdm name=""/></StgValue>
</bind>
</comp>

<comp id="16" class="1001" name="const_16">
<pin_list>
<pin id="17" dir="1" index="0" bw="1" slack="2147483647"/>
</pin_list>
<bind>
<StgValue><ssdm name="p_str1"/></StgValue>
</bind>
</comp>

<comp id="18" class="1001" name="const_18">
<pin_list>
<pin id="19" dir="1" index="0" bw="1" slack="2147483647"/>
</pin_list>
<bind>
<StgValue><ssdm name="p_str2"/></StgValue>
</bind>
</comp>

<comp id="20" class="1001" name="const_20">
<pin_list>
<pin id="21" dir="1" index="0" bw="1" slack="0"/>
</pin_list>
<bind>
<StgValue><ssdm name="_ssdm_op_Read.ap_hs.volatile.i160P"/></StgValue>
</bind>
</comp>

<comp id="22" class="1001" name="const_22">
<pin_list>
<pin id="23" dir="1" index="0" bw="1" slack="0"/>
</pin_list>
<bind>
<StgValue><ssdm name="_ssdm_op_PartSelect.i5.i160.i32.i32"/></StgValue>
</bind>
</comp>

<comp id="24" class="1001" name="const_24">
<pin_list>
<pin id="25" dir="1" index="0" bw="1" slack="0"/>
</pin_list>
<bind>
<StgValue><ssdm name=""/></StgValue>
</bind>
</comp>

<comp id="26" class="1001" name="const_26">
<pin_list>
<pin id="27" dir="1" index="0" bw="1" slack="0"/>
</pin_list>
<bind>
<StgValue><ssdm name=""/></StgValue>
</bind>
</comp>

<comp id="28" class="1001" name="const_28">
<pin_list>
<pin id="29" dir="1" index="0" bw="1" slack="0"/>
</pin_list>
<bind>
<StgValue><ssdm name="_ssdm_op_PartSelect.i64.i160.i32.i32"/></StgValue>
</bind>
</comp>

<comp id="30" class="1001" name="const_30">
<pin_list>
<pin id="31" dir="1" index="0" bw="1" slack="0"/>
</pin_list>
<bind>
<StgValue><ssdm name=""/></StgValue>
</bind>
</comp>

<comp id="32" class="1001" name="const_32">
<pin_list>
<pin id="33" dir="1" index="0" bw="1" slack="0"/>
</pin_list>
<bind>
<StgValue><ssdm name=""/></StgValue>
</bind>
</comp>

<comp id="34" class="1001" name="const_34">
<pin_list>
<pin id="35" dir="1" index="0" bw="1" slack="0"/>
</pin_list>
<bind>
<StgValue><ssdm name=""/></StgValue>
</bind>
</comp>

<comp id="36" class="1001" name="const_36">
<pin_list>
<pin id="37" dir="1" index="0" bw="1" slack="0"/>
</pin_list>
<bind>
<StgValue><ssdm name=""/></StgValue>
</bind>
</comp>

<comp id="38" class="1001" name="const_38">
<pin_list>
<pin id="39" dir="1" index="0" bw="1" slack="0"/>
</pin_list>
<bind>
<StgValue><ssdm name=""/></StgValue>
</bind>
</comp>

<comp id="40" class="1001" name="const_40">
<pin_list>
<pin id="41" dir="1" index="0" bw="1" slack="0"/>
</pin_list>
<bind>
<StgValue><ssdm name="_ssdm_op_BitConcatenate.i74.i64.i5.i5"/></StgValue>
</bind>
</comp>

<comp id="42" class="1001" name="const_42">
<pin_list>
<pin id="43" dir="1" index="0" bw="1" slack="0"/>
</pin_list>
<bind>
<StgValue><ssdm name=""/></StgValue>
</bind>
</comp>

<comp id="44" class="1001" name="const_44">
<pin_list>
<pin id="45" dir="1" index="0" bw="1" slack="0"/>
</pin_list>
<bind>
<StgValue><ssdm name="_ssdm_op_Write.ap_hs.volatile.i74P"/></StgValue>
</bind>
</comp>

<comp id="46" class="1004" name="tmp1_read_fu_46">
<pin_list>
<pin id="47" dir="0" index="0" bw="160" slack="0"/>
<pin id="48" dir="0" index="1" bw="160" slack="0"/>
<pin id="49" dir="1" index="2" bw="160" slack="0"/>
</pin_list>
<bind>
<opcode="read(1150) " fcode="read"/>
<opset="tmp1/1 "/>
</bind>
</comp>

<comp id="52" class="1004" name="stg_15_write_fu_52">
<pin_list>
<pin id="53" dir="0" index="0" bw="0" slack="0"/>
<pin id="54" dir="0" index="1" bw="74" slack="0"/>
<pin id="55" dir="0" index="2" bw="74" slack="0"/>
<pin id="56" dir="1" index="3" bw="0" slack="2147483647"/>
</pin_list>
<bind>
<opcode="write(1151) " fcode="write"/>
<opset="stg_15/1 "/>
</bind>
</comp>

<comp id="59" class="1004" name="tmp_rd_V_fu_59">
<pin_list>
<pin id="60" dir="0" index="0" bw="5" slack="0"/>
<pin id="61" dir="0" index="1" bw="160" slack="0"/>
<pin id="62" dir="0" index="2" bw="6" slack="0"/>
<pin id="63" dir="0" index="3" bw="6" slack="0"/>
<pin id="64" dir="1" index="4" bw="5" slack="0"/>
</pin_list>
<bind>
<opcode="partselect(1002) " fcode="partselect"/>
<opset="tmp_rd_V/1 "/>
</bind>
</comp>

<comp id="69" class="1004" name="a_V_fu_69">
<pin_list>
<pin id="70" dir="0" index="0" bw="64" slack="0"/>
<pin id="71" dir="0" index="1" bw="160" slack="0"/>
<pin id="72" dir="0" index="2" bw="7" slack="0"/>
<pin id="73" dir="0" index="3" bw="8" slack="0"/>
<pin id="74" dir="1" index="4" bw="64" slack="0"/>
</pin_list>
<bind>
<opcode="partselect(1002) " fcode="partselect"/>
<opset="a_V/1 "/>
</bind>
</comp>

<comp id="79" class="1004" name="b_V_fu_79">
<pin_list>
<pin id="80" dir="0" index="0" bw="64" slack="0"/>
<pin id="81" dir="0" index="1" bw="160" slack="0"/>
<pin id="82" dir="0" index="2" bw="8" slack="0"/>
<pin id="83" dir="0" index="3" bw="9" slack="0"/>
<pin id="84" dir="1" index="4" bw="64" slack="0"/>
</pin_list>
<bind>
<opcode="partselect(1002) " fcode="partselect"/>
<opset="b_V/1 "/>
</bind>
</comp>

<comp id="89" class="1004" name="tmp_fu_89">
<pin_list>
<pin id="90" dir="0" index="0" bw="64" slack="0"/>
<pin id="91" dir="0" index="1" bw="5" slack="0"/>
<pin id="92" dir="1" index="2" bw="64" slack="0"/>
</pin_list>
<bind>
<opcode="add(8) " fcode="add"/>
<opset="tmp/1 "/>
</bind>
</comp>

<comp id="95" class="1004" name="a_V_2_fu_95">
<pin_list>
<pin id="96" dir="0" index="0" bw="64" slack="0"/>
<pin id="97" dir="0" index="1" bw="64" slack="0"/>
<pin id="98" dir="1" index="2" bw="64" slack="0"/>
</pin_list>
<bind>
<opcode="sub(10) " fcode="sub"/>
<opset="a_V_2/1 "/>
</bind>
</comp>

<comp id="101" class="1004" name="tmp_1_fu_101">
<pin_list>
<pin id="102" dir="0" index="0" bw="74" slack="0"/>
<pin id="103" dir="0" index="1" bw="64" slack="0"/>
<pin id="104" dir="0" index="2" bw="5" slack="0"/>
<pin id="105" dir="0" index="3" bw="1" slack="0"/>
<pin id="106" dir="1" index="4" bw="74" slack="0"/>
</pin_list>
<bind>
<opcode="bitconcatenate(1004) " fcode="bitconcatenate"/>
<opset="tmp_1/1 "/>
</bind>
</comp>

</comp_list>

<net_list>
<net id="50"><net_src comp="20" pin="0"/><net_sink comp="46" pin=0"/></net>

<net id="51"><net_src comp="0" pin="0"/><net_sink comp="46" pin=1"/></net>

<net id="57"><net_src comp="44" pin="0"/><net_sink comp="52" pin=0"/></net>

<net id="58"><net_src comp="2" pin="0"/><net_sink comp="52" pin=1"/></net>

<net id="65"><net_src comp="22" pin="0"/><net_sink comp="59" pin=0"/></net>

<net id="66"><net_src comp="46" pin="2"/><net_sink comp="59" pin=1"/></net>

<net id="67"><net_src comp="24" pin="0"/><net_sink comp="59" pin=2"/></net>

<net id="68"><net_src comp="26" pin="0"/><net_sink comp="59" pin=3"/></net>

<net id="75"><net_src comp="28" pin="0"/><net_sink comp="69" pin=0"/></net>

<net id="76"><net_src comp="46" pin="2"/><net_sink comp="69" pin=1"/></net>

<net id="77"><net_src comp="30" pin="0"/><net_sink comp="69" pin=2"/></net>

<net id="78"><net_src comp="32" pin="0"/><net_sink comp="69" pin=3"/></net>

<net id="85"><net_src comp="28" pin="0"/><net_sink comp="79" pin=0"/></net>

<net id="86"><net_src comp="46" pin="2"/><net_sink comp="79" pin=1"/></net>

<net id="87"><net_src comp="34" pin="0"/><net_sink comp="79" pin=2"/></net>

<net id="88"><net_src comp="36" pin="0"/><net_sink comp="79" pin=3"/></net>

<net id="93"><net_src comp="69" pin="4"/><net_sink comp="89" pin=0"/></net>

<net id="94"><net_src comp="38" pin="0"/><net_sink comp="89" pin=1"/></net>

<net id="99"><net_src comp="89" pin="2"/><net_sink comp="95" pin=0"/></net>

<net id="100"><net_src comp="79" pin="4"/><net_sink comp="95" pin=1"/></net>

<net id="107"><net_src comp="40" pin="0"/><net_sink comp="101" pin=0"/></net>

<net id="108"><net_src comp="95" pin="2"/><net_sink comp="101" pin=1"/></net>

<net id="109"><net_src comp="59" pin="4"/><net_sink comp="101" pin=2"/></net>

<net id="110"><net_src comp="42" pin="0"/><net_sink comp="101" pin=3"/></net>

<net id="111"><net_src comp="101" pin="4"/><net_sink comp="52" pin=2"/></net>

</net_list>

</model> 
---------------- Datapath Model END ------------------

* FSMD analyzer results:
  - Output states:
	Port: io_resp_V | {1 }
  - Chain level:
	State 1
		tmp : 1
		a_V_2 : 2
		tmp_1 : 3
		stg_15 : 4


============================================================
+ Verbose Summary: Datapath Resource usage 
============================================================

* Functional unit list:
|----------|--------------------|---------|---------|
| Operation|   Functional Unit  |    FF   |   LUT   |
|----------|--------------------|---------|---------|
|    add   |      tmp_fu_89     |    0    |    32   |
|----------|--------------------|---------|---------|
|    sub   |     a_V_2_fu_95    |    0    |    32   |
|----------|--------------------|---------|---------|
|   read   |   tmp1_read_fu_46  |    0    |    0    |
|----------|--------------------|---------|---------|
|   write  | stg_15_write_fu_52 |    0    |    0    |
|----------|--------------------|---------|---------|
|          |   tmp_rd_V_fu_59   |    0    |    0    |
|partselect|      a_V_fu_69     |    0    |    0    |
|          |      b_V_fu_79     |    0    |    0    |
|----------|--------------------|---------|---------|
|bitconcatenate|    tmp_1_fu_101    |    0    |    0    |
|----------|--------------------|---------|---------|
|   Total  |                    |    0    |    64   |
|----------|--------------------|---------|---------|

Memories:
N/A

* Register list:
N/A

* Multiplexer (MUX) list: 
|--------|------|------|------|--------|
|  Comp  |  Pin | Size |  BW  | S x BW |
|--------|------|------|------|--------|
|  Total |      |      |      |    0   |
|--------|------|------|------|--------|



* Summary:
+-----------+--------+--------+
|           |   FF   |   LUT  |
+-----------+--------+--------+
|  Function |    0   |   64   |
|   Memory  |    -   |    -   |
|Multiplexer|    -   |    -   |
|  Register |    -   |    -   |
+-----------+--------+--------+
|   Total   |    0   |   64   |
+-----------+--------+--------+
