@I [HLS-0] Workspace /work/zhang/common/tools/rocket/rocket-chip/gcd-rocket-vivado-hls/mul/solution opened at Thu Jun 30 16:41:34 EDT 2016
@I [HLS-100] Command 'open_solution' returned 0; elapsed 0Total elapsed time: 0.496 sec.
@I [HLS-100] Command "set_part zynq "
@I [HLS-100] Command "add_library xilinx/zynq/zynq:xc7z020:clg484:-2 "
@I [HLS-100] Command "get_default_platform "
@I [HLS-100] Command 'get_default_platform' returned 0; elapsed 0Total elapsed time: 0.505 sec.
@I [HLS-100] Command "license_exists VIVADO_HLS "
@I [HLS-100] Command 'license_exists' returned 1; elapsed 0Total elapsed time: 0.514 sec.
@I [HLS-100] Command "license_exists ap_opencl "
@I [HLS-100] Command 'license_exists' returned 1; elapsed 0.01Total elapsed time: 0.523 sec.
@I [HLS-100] Command "license_exists ap_sdsoc "
@I [HLS-100] Command 'license_exists' returned 1; elapsed 0Total elapsed time: 0.531 sec.
@I [HLS-100] Command "license_exists AUTOESL_NI "
@I [HLS-100] Command 'license_exists' returned 1; elapsed 0.01Total elapsed time: 0.539 sec.
@I [HLS-100] Command "license_exists HLS "
@I [HLS-100] Command 'license_exists' returned 0; elapsed 0Total elapsed time: 0.539 sec.
@I [HLS-100] Command "open_platform DefaultPlatform "
@I [HLS-100] Command 'open_platform' returned 0; elapsed 0Total elapsed time: 0.540 sec.
@I [HLS-100] Command "import_lib /work/zhang/common/tools/xilinx/Vivado_HLS/2015.3/common/technology/xilinx/zynq/zynq "
@I [HLS-100] Command "source /work/zhang/common/tools/xilinx/Vivado_HLS/2015.3/common/technology/xilinx/common/xilinx.lib "
@I [HLS-100] Command "source /work/zhang/common/tools/xilinx/Vivado_HLS/2015.3/common/technology/xilinx/interface/xilinx_interface.lib "
@I [HLS-100] Command "source /work/zhang/common/tools/xilinx/Vivado_HLS/2015.3/common/technology/xilinx/interface/plb46.lib "
@I [HLS-100] Command 'ap_source' returned 0; elapsed 0Total elapsed time: 0.541 sec.
@I [HLS-100] Command "source /work/zhang/common/tools/xilinx/Vivado_HLS/2015.3/common/technology/xilinx/interface/fsl.lib "
@I [HLS-100] Command 'ap_source' returned 0; elapsed 0Total elapsed time: 0.541 sec.
@I [HLS-100] Command "source /work/zhang/common/tools/xilinx/Vivado_HLS/2015.3/common/technology/xilinx/interface/axi4.lib "
@I [HLS-100] Command 'ap_source' returned 0; elapsed 0Total elapsed time: 0.541 sec.
@I [HLS-100] Command "source /work/zhang/common/tools/xilinx/Vivado_HLS/2015.3/common/technology/xilinx/interface/maxi.lib "
@I [HLS-100] Command 'ap_source' returned 0; elapsed 0Total elapsed time: 0.542 sec.
@I [HLS-100] Command "source /work/zhang/common/tools/xilinx/Vivado_HLS/2015.3/common/technology/xilinx/interface/saxilite.lib "
@I [HLS-100] Command 'ap_source' returned 0; elapsed 0Total elapsed time: 0.542 sec.
@I [HLS-100] Command 'ap_source' returned 0; elapsed 0Total elapsed time: 0.542 sec.
@I [HLS-100] Command "source /work/zhang/common/tools/xilinx/Vivado_HLS/2015.3/common/technology/xilinx/common/dsp48.lib "
@I [HLS-100] Command 'ap_source' returned 0; elapsed 0Total elapsed time: 0.542 sec.
@I [HLS-100] Command "source /work/zhang/common/tools/xilinx/Vivado_HLS/2015.3/common/technology/xilinx/ip/xfft.lib "
@I [HLS-100] Command 'ap_source' returned 0; elapsed 0Total elapsed time: 0.543 sec.
@I [HLS-100] Command "source /work/zhang/common/tools/xilinx/Vivado_HLS/2015.3/common/technology/xilinx/ip/dds_compiler.lib "
@I [HLS-100] Command 'ap_source' returned 0; elapsed 0Total elapsed time: 0.543 sec.
@I [HLS-100] Command "source /work/zhang/common/tools/xilinx/Vivado_HLS/2015.3/common/technology/xilinx/ip/xfir.lib "
@I [HLS-100] Command 'ap_source' returned 0; elapsed 0Total elapsed time: 0.543 sec.
@I [HLS-100] Command 'ap_source' returned 0; elapsed 0Total elapsed time: 0.546 sec.
@I [HLS-100] Command "source /work/zhang/common/tools/xilinx/Vivado_HLS/2015.3/common/technology/xilinx/common/xilinx_old.lib "
@I [HLS-100] Command 'ap_source' returned 0; elapsed 0.01Total elapsed time: 0.550 sec.
@I [HLS-100] Command "source /work/zhang/common/tools/xilinx/Vivado_HLS/2015.3/common/technology/xilinx/common/xilinx_vivado.lib "
@I [HLS-100] Command 'ap_source' returned 0; elapsed 0Total elapsed time: 0.551 sec.
@I [HLS-100] Command "source /work/zhang/common/tools/xilinx/Vivado_HLS/2015.3/common/technology/xilinx/common/xilinx.hlp "
@I [HLS-100] Command "source /work/zhang/common/tools/xilinx/Vivado_HLS/2015.3/common/technology/xilinx/common/target_info.tcl "
@I [HLS-100] Command 'ap_source' returned 0; elapsed 0Total elapsed time: 0.554 sec.
@I [HLS-100] Command "source /work/zhang/common/tools/xilinx/Vivado_HLS/2015.3/common/technology/xilinx/interface/xilinx_interface.hlp "
@I [HLS-100] Command "source /work/zhang/common/tools/xilinx/Vivado_HLS/2015.3/common/technology/xilinx/interface/maxi.hlp "
@I [HLS-100] Command 'ap_source' returned 0; elapsed 0Total elapsed time: 0.554 sec.
@I [HLS-100] Command "source /work/zhang/common/tools/xilinx/Vivado_HLS/2015.3/common/technology/xilinx/interface/saxilite.hlp "
@I [HLS-100] Command 'ap_source' returned 0; elapsed 0Total elapsed time: 0.554 sec.
@I [HLS-100] Command 'ap_source' returned 0; elapsed 0Total elapsed time: 0.554 sec.
@I [HLS-100] Command "source /work/zhang/common/tools/xilinx/Vivado_HLS/2015.3/common/technology/xilinx/common/dsp48.hlp "
@I [HLS-100] Command 'ap_source' returned 0; elapsed 0Total elapsed time: 0.555 sec.
@I [HLS-100] Command 'ap_source' returned 0; elapsed 0Total elapsed time: 0.556 sec.
@I [HLS-100] Command "source /work/zhang/common/tools/xilinx/Vivado_HLS/2015.3/common/technology/xilinx/zynq/dsp48e1.hlp "
@I [HLS-100] Command 'ap_source' returned 0; elapsed 0Total elapsed time: 0.556 sec.
@I [HLS-100] Command "get_default_platform "
@I [HLS-100] Command 'get_default_platform' returned 0; elapsed 0Total elapsed time: 0.556 sec.
@I [HLS-100] Command "config_chip_info -quiet -resource  {SLICE 13300}  {LUT 53200}     {FF 106400} {DSP48E 220}   {BRAM 280}  "
@I [HLS-100] Command 'config_chip_info' returned 0; elapsed 0Total elapsed time: 0.556 sec.
@I [HLS-100] Command "config_chip_info -quiet -speed medium "
@I [HLS-100] Command 'config_chip_info' returned 0; elapsed 0Total elapsed time: 0.556 sec.
@I [HLS-100] Command 'import_lib' returned 0; elapsed 0.01Total elapsed time: 0.558 sec.
@I [HLS-100] Command "source /work/zhang/common/tools/xilinx/Vivado_HLS/2015.3/common/technology/xilinx/zynq/zynq.gen "
@I [HLS-100] Command "source /work/zhang/common/tools/xilinx/Vivado_HLS/2015.3/common/technology/xilinx/common/virtex.gen "
@I [HLS-100] Command "source /work/zhang/common/tools/xilinx/Vivado_HLS/2015.3/common/technology/xilinx/common/xilinx.gen "
@I [HLS-100] Command "source /work/zhang/common/tools/xilinx/Vivado_HLS/2015.3/common/technology/xilinx/interface/plb46.gen "
@I [HLS-100] Command 'ap_source' returned 0; elapsed 0Total elapsed time: 0.561 sec.
@I [HLS-100] Command "source /work/zhang/common/tools/xilinx/Vivado_HLS/2015.3/common/technology/xilinx/interface/fsl.gen "
@I [HLS-100] Command 'ap_source' returned 0; elapsed 0Total elapsed time: 0.561 sec.
@I [HLS-100] Command "source /work/zhang/common/tools/xilinx/Vivado_HLS/2015.3/common/technology/xilinx/interface/axi4.gen "
@I [HLS-100] Command 'ap_source' returned 0; elapsed 0.01Total elapsed time: 0.564 sec.
@I [HLS-100] Command "source /work/zhang/common/tools/xilinx/Vivado_HLS/2015.3/common/technology/xilinx/interface/nativeAXI4.gen "
@I [HLS-100] Command "source /work/zhang/common/tools/xilinx/Vivado_HLS/2015.3/common/technology/xilinx/interface/saxilite.gen "
@I [HLS-100] Command 'ap_source' returned 0; elapsed 0Total elapsed time: 0.568 sec.
@I [HLS-100] Command "source /work/zhang/common/tools/xilinx/Vivado_HLS/2015.3/common/technology/xilinx/interface/maxi.gen "
@I [HLS-100] Command 'ap_source' returned 0; elapsed 0.01Total elapsed time: 0.578 sec.
@I [HLS-100] Command 'ap_source' returned 0; elapsed 0.01Total elapsed time: 0.578 sec.
@I [HLS-100] Command "source /work/zhang/common/tools/xilinx/Vivado_HLS/2015.3/common/technology/xilinx/scripts/xilinxcoregen.gen "
@I [HLS-100] Command 'ap_source' returned 0; elapsed 0.02Total elapsed time: 0.589 sec.
@I [HLS-100] Command "source /work/zhang/common/tools/xilinx/Vivado_HLS/2015.3/common/technology/xilinx/interface/XilEDKCoreGen.gen "
@I [HLS-100] Command 'ap_source' returned 0; elapsed 0.01Total elapsed time: 0.599 sec.
@I [HLS-100] Command "source /work/zhang/common/tools/xilinx/Vivado_HLS/2015.3/common/technology/xilinx/ip/xfft.gen "
@I [HLS-100] Command 'ap_source' returned 0; elapsed 0.12Total elapsed time: 0.732 sec.
@I [HLS-100] Command "source /work/zhang/common/tools/xilinx/Vivado_HLS/2015.3/common/technology/xilinx/ip/xfir.gen "
@I [HLS-100] Command "source /work/zhang/common/tools/xilinx/Vivado_HLS/2015.3/tps/tcl/tcllib1.11.1/struct/list.tcl "
@I [HLS-100] Command "source /work/zhang/common/tools/xilinx/Vivado_HLS/2015.3/tps/tcl/tcllib1.11.1/cmdline/cmdline.tcl "
@I [HLS-100] Command 'ap_source' returned 0; elapsed 0Total elapsed time: 0.751 sec.
@I [HLS-100] Command 'ap_source' returned 0; elapsed 0Total elapsed time: 0.751 sec.
@I [HLS-100] Command "source /work/zhang/common/tools/xilinx/Vivado_HLS/2015.3/tps/tcl/tcllib1.11.1/math/bignum.tcl "
@I [HLS-100] Command 'ap_source' returned 0; elapsed 0Total elapsed time: 0.764 sec.
@I [HLS-100] Command 'ap_source' returned 0; elapsed 0.04Total elapsed time: 0.772 sec.
@I [HLS-100] Command "source /work/zhang/common/tools/xilinx/Vivado_HLS/2015.3/common/technology/xilinx/ip/util.gen "
@I [HLS-100] Command 'ap_source' returned 0; elapsed 0Total elapsed time: 0.772 sec.
@I [HLS-100] Command "source /work/zhang/common/tools/xilinx/Vivado_HLS/2015.3/common/technology/xilinx/ip/dds_compiler.gen "
@I [HLS-100] Command 'ap_source' returned 0; elapsed 0Total elapsed time: 0.776 sec.
@I [HLS-100] Command 'ap_source' returned 0; elapsed 0.22Total elapsed time: 0.776 sec.
@I [HLS-100] Command "source /work/zhang/common/tools/xilinx/Vivado_HLS/2015.3/common/technology/xilinx/common/dsp48.gen "
@I [HLS-100] Command 'ap_source' returned 0; elapsed 0Total elapsed time: 0.778 sec.
@I [HLS-100] Command 'ap_source' returned 0; elapsed 0.22Total elapsed time: 0.778 sec.
@I [HLS-100] Command 'ap_source' returned 0; elapsed 0.22Total elapsed time: 0.778 sec.
@I [HLS-100] Command "get_default_platform "
@I [HLS-100] Command 'get_default_platform' returned 0; elapsed 0Total elapsed time: 0.779 sec.
@I [HLS-100] Command "config_chip_info -quiet -resource  {SLICE 13300}  {LUT 53200}     {FF 106400} {DSP48E 220}   {BRAM 280}  "
@I [HLS-100] Command 'config_chip_info' returned 0; elapsed 0Total elapsed time: 0.779 sec.
@I [HLS-100] Command "config_chip_info -quiet -speed medium "
@I [HLS-100] Command 'config_chip_info' returned 0; elapsed 0Total elapsed time: 0.779 sec.
@I [HLS-100] Command 'add_library' returned 0; elapsed 0.25Total elapsed time: 0.787 sec.
@I [HLS-100] Command "add_library xilinx/zynq/zynq_fpv6 "
@I [HLS-100] Command "get_default_platform "
@I [HLS-100] Command 'get_default_platform' returned 0; elapsed 0Total elapsed time: 0.787 sec.
@I [HLS-100] Command "license_exists VIVADO_HLS "
@I [HLS-100] Command 'license_exists' returned 1; elapsed 0Total elapsed time: 0.796 sec.
@I [HLS-100] Command "license_exists ap_opencl "
@I [HLS-100] Command 'license_exists' returned 1; elapsed 0Total elapsed time: 0.804 sec.
@I [HLS-100] Command "license_exists ap_sdsoc "
@I [HLS-100] Command 'license_exists' returned 1; elapsed 0Total elapsed time: 0.811 sec.
@I [HLS-100] Command "license_exists AUTOESL_NI "
@I [HLS-100] Command 'license_exists' returned 1; elapsed 0Total elapsed time: 0.819 sec.
@I [HLS-100] Command "license_exists HLS "
@I [HLS-100] Command 'license_exists' returned 0; elapsed 0Total elapsed time: 0.819 sec.
@I [HLS-100] Command "open_platform DefaultPlatform "
@I [HLS-100] Command 'open_platform' returned 0; elapsed 0Total elapsed time: 0.819 sec.
@I [HLS-100] Command "import_lib /work/zhang/common/tools/xilinx/Vivado_HLS/2015.3/common/technology/xilinx/zynq/zynq_fpv6 "
@I [HLS-100] Command "source /work/zhang/common/tools/xilinx/Vivado_HLS/2015.3/common/technology/xilinx/common/xilinx_fpv7.lib "
@I [HLS-100] Command "source /work/zhang/common/tools/xilinx/Vivado_HLS/2015.3/common/technology/xilinx/common/xilinx_hp.lib "
@I [HLS-100] Command 'ap_source' returned 0; elapsed 0Total elapsed time: 0.821 sec.
@I [HLS-100] Command 'ap_source' returned 0; elapsed 0.01Total elapsed time: 0.825 sec.
@I [HLS-100] Command "source /work/zhang/common/tools/xilinx/Vivado_HLS/2015.3/common/technology/xilinx/common/xilinx_fpv.hlp "
@I [HLS-100] Command "source /work/zhang/common/tools/xilinx/Vivado_HLS/2015.3/common/technology/xilinx/common/xilinx.hlp "
@I [HLS-100] Command "source /work/zhang/common/tools/xilinx/Vivado_HLS/2015.3/common/technology/xilinx/common/target_info.tcl "
@I [HLS-100] Command 'ap_source' returned 0; elapsed 0Total elapsed time: 0.833 sec.
@I [HLS-100] Command "source /work/zhang/common/tools/xilinx/Vivado_HLS/2015.3/common/technology/xilinx/interface/xilinx_interface.hlp "
@I [HLS-100] Command "source /work/zhang/common/tools/xilinx/Vivado_HLS/2015.3/common/technology/xilinx/interface/maxi.hlp "
@I [HLS-100] Command 'ap_source' returned 0; elapsed 0Total elapsed time: 0.833 sec.
@I [HLS-100] Command "source /work/zhang/common/tools/xilinx/Vivado_HLS/2015.3/common/technology/xilinx/interface/saxilite.hlp "
@I [HLS-100] Command 'ap_source' returned 0; elapsed 0Total elapsed time: 0.833 sec.
@I [HLS-100] Command 'ap_source' returned 0; elapsed 0Total elapsed time: 0.833 sec.
@I [HLS-100] Command "source /work/zhang/common/tools/xilinx/Vivado_HLS/2015.3/common/technology/xilinx/common/dsp48.hlp "
@I [HLS-100] Command 'ap_source' returned 0; elapsed 0.01Total elapsed time: 0.834 sec.
@I [HLS-100] Command 'ap_source' returned 0; elapsed 0.01Total elapsed time: 0.835 sec.
@I [HLS-100] Command 'ap_source' returned 0; elapsed 0.01Total elapsed time: 0.835 sec.
@I [HLS-100] Command "source /work/zhang/common/tools/xilinx/Vivado_HLS/2015.3/common/technology/xilinx/zynq/zynq_hp.hlp "
@I [HLS-100] Command 'ap_source' returned 0; elapsed 0Total elapsed time: 0.837 sec.
@I [HLS-100] Command 'import_lib' returned 0; elapsed 0.02Total elapsed time: 0.842 sec.
@I [HLS-100] Command "source /work/zhang/common/tools/xilinx/Vivado_HLS/2015.3/common/technology/xilinx/zynq/zynq_fpv6.gen "
@I [HLS-100] Command "source /work/zhang/common/tools/xilinx/Vivado_HLS/2015.3/common/technology/xilinx/common/xilinx_fpv6.gen "
@I [HLS-100] Command 'ap_source' returned 0; elapsed 0.01Total elapsed time: 0.844 sec.
@I [HLS-100] Command 'ap_source' returned 0; elapsed 0.01Total elapsed time: 0.844 sec.
@I [HLS-100] Command 'add_library' returned 0; elapsed 0.04Total elapsed time: 0.845 sec.
@I [HLS-10] Setting target device to 'xc7z020clg484-2'
@I [HLS-100] Command 'set_part' returned 0; elapsed 0.3Total elapsed time: 0.845 sec.
@I [HLS-100] Command "create_clock -period 5 "
@I [HLS-100] Command "config_clock -quiet -name default -period 5 -default=false "
@I [SYN-201] Setting up clock 'default' with a period of 5ns.
@I [HLS-100] Command 'config_clock' returned 0; elapsed 0Total elapsed time: 0.852 sec.
@I [HLS-100] Command 'create_clock' returned 0; elapsed 0Total elapsed time: 0.852 sec.
@I [HLS-100] Command "set_directive_interface -mode ap_ctrl_none mul "
@I [HLS-100] Command 'set_directive_interface' returned 0; elapsed 0Total elapsed time: 0.852 sec.
@I [HLS-100] Command "set_directive_interface -mode ap_hs mul io_cmd "
@I [HLS-100] Command 'set_directive_interface' returned 0; elapsed 0Total elapsed time: 0.852 sec.
@I [HLS-100] Command "set_directive_interface -mode ap_hs mul io_resp "
@I [HLS-100] Command 'set_directive_interface' returned 0; elapsed 0Total elapsed time: 0.852 sec.
@I [HLS-100] Command "csim_design "
@I [HLS-100] Command "is_encrypted /work/zhang/common/tools/rocket/rocket-chip/gcd-rocket-vivado-hls/mul.cpp "
@I [HLS-100] Command 'is_encrypted' returned 0; elapsed 0Total elapsed time: 0.878 sec.
@I [HLS-100] Command "is_xip /work/zhang/common/tools/rocket/rocket-chip/gcd-rocket-vivado-hls/mul.cpp "
@I [HLS-100] Command 'is_xip' returned 0; elapsed 0Total elapsed time: 0.878 sec.
@I [HLS-100] Command "source run_sim.tcl "
@I [HLS-100] Command 'ap_source' returned 0; elapsed 0.01Total elapsed time: 2.414 sec.
@I [SIM-1] CSim done with 0 errors.
@I [HLS-100] Command 'csim_design' returned 0; elapsed 0.04Total elapsed time: 2.415 sec.
@I [HLS-100] Command "csynth_design "
@I [HLS-100] Command "elaborate -effort=medium -skip_syncheck=0 -keep_printf=0 -lm=0 -skip_cdt=0 -skip_transform=0 -ng=0 -g=0 -opt_fp=0 "
@I [HLS-10] Analyzing design file 'mul.cpp' ... 
@0 [HLS-0] Analyzing design file 'mul.cpp' ... 
@I [HLS-0] Compiling one TU...
@I [HLS-0] 
Checking before pre-process: exec clang -fno-limit-debug-info -gcc-toolchain "/work/zhang/common/tools/xilinx/Vivado_HLS/2015.3/lnx64/tools/gcc" -hls    -fno-math-errno -c -emit-llvm -O0  -mllvm -disable-llvm-optzns -fno-threadsafe-statics  -fno-use-cxa-atexit  -fno-threadsafe-statics -fno-use-cxa-atexit   -I "/work/zhang/common/tools/xilinx/Vivado_HLS/2015.3/lnx64/tools/systemc/include" -I "/work/zhang/common/tools/xilinx/Vivado_HLS/2015.3/include" -I "/work/zhang/common/tools/xilinx/Vivado_HLS/2015.3/include/ap_sysc" -fexceptions -I "/work/zhang/common/tools/xilinx/Vivado_HLS/2015.3/common/technology/autopilot" -include etc/autopilot_ssdm_op.h "mul.cpp"  -o "/work/zhang/common/tools/rocket/rocket-chip/gcd-rocket-vivado-hls/mul/solution/.autopilot/db/mul.pp.00.o"

@I [HLS-100] Command "is_encrypted /work/zhang/common/tools/rocket/rocket-chip/gcd-rocket-vivado-hls/mul/solution/.autopilot/db/mul.pp.00.o "
@I [HLS-100] Command 'is_encrypted' returned 0; elapsed 0Total elapsed time: 3.544 sec.
@I [HLS-0] Syntax Checker time: 1 seconds per iteration
@I [HLS-0] 
Source preprocessing: exec clang -fno-limit-debug-info -gcc-toolchain "/work/zhang/common/tools/xilinx/Vivado_HLS/2015.3/lnx64/tools/gcc" -hls -fno-exceptions  -D__llvm__  -CC -E "mul.cpp"     -fno-math-errno -c -emit-llvm -O0  -mllvm -disable-llvm-optzns -fno-threadsafe-statics  -fno-use-cxa-atexit  -fno-threadsafe-statics -fno-use-cxa-atexit -DAESL_SYN -D__SYNTHESIS__ -D__HLS_SYN__ -I "/work/zhang/common/tools/xilinx/Vivado_HLS/2015.3/common/technology/autopilot" -I "/work/zhang/common/tools/xilinx/Vivado_HLS/2015.3/common/technology/autopilot/ap_sysc" -include etc/autopilot_ssdm_op.h  -o "/work/zhang/common/tools/rocket/rocket-chip/gcd-rocket-vivado-hls/mul/solution/.autopilot/db/mul.pp.0.cpp"

@I [HLS-0] GCC PP time: 0 seconds per iteration
@I [HLS-0] Setting directive 'INTERFACE' ap_ctrl_none=positionBoolean0mode port=positionBooleanTextRequiredreturn 
@I [HLS-0] Setting directive 'INTERFACE' ap_hs=positionBoolean0mode port=positionBooleanTextRequiredio_cmd 
@I [HLS-0] Setting directive 'INTERFACE' ap_hs=positionBoolean0mode port=positionBooleanTextRequiredio_resp 
@I [HLS-100] Command "list_core -type functional_unit "
@I [HLS-100] Command 'list_core' returned 0; elapsed 0Total elapsed time: 3.717 sec.
@I [HLS-0] Marker-Pragma convertor: /work/zhang/common/tools/rocket/rocket-chip/gcd-rocket-vivado-hls/mul/solution/.autopilot/db/mul.pp.0.cpp /work/zhang/common/tools/rocket/rocket-chip/gcd-rocket-vivado-hls/mul/solution/.autopilot/db/mul.pp.0.cpp.ap-line.cpp /work/zhang/common/tools/rocket/rocket-chip/gcd-rocket-vivado-hls/mul/solution/.autopilot/db/mul.pp.0.cpp.ap-line.cpp.CXX 1
@I [HLS-0] 
Source processor: exec /work/zhang/common/tools/xilinx/Vivado_HLS/2015.3/tps/lnx64/jre/bin/java -Xmx512m -classpath   "/work/zhang/common/tools/xilinx/Vivado_HLS/2015.3/lib/classes/autopilot.sourceprocessor.jar:/work/zhang/common/tools/xilinx/Vivado_HLS/2015.3/lib/classes/org.eclipse.cdt.core_5.3.0.xilinx_patch.jar:/work/zhang/common/tools/xilinx/Vivado_HLS/2015.3/lib/classes/org.eclipse.core.runtime_3.7.0.v20110110.jar:/work/zhang/common/tools/xilinx/Vivado_HLS/2015.3/lib/classes/org.eclipse.equinox.common_3.6.0.v20110523.jar:/work/zhang/common/tools/xilinx/Vivado_HLS/2015.3/lib/classes/com.ibm.icu_4.4.2.v20110208.jar:/work/zhang/common/tools/xilinx/Vivado_HLS/2015.3/lib/classes/jargs.jar:/work/zhang/common/tools/xilinx/Vivado_HLS/2015.3/lnx64/tools/eclipse/plugins/org.eclipse.emf.common_2.10.1.v20150123-0348.jar:/work/zhang/common/tools/xilinx/Vivado_HLS/2015.3/lnx64/tools/eclipse/plugins/org.eclipse.emf.ecore_2.10.2.v20150123-0348.jar:/work/zhang/common/tools/xilinx/Vivado_HLS/2015.3/lnx64/tools/eclipse/plugins/org.eclipse.emf.ecore.xmi_2.10.2.v20150123-0348.jar:/work/zhang/common/tools/xilinx/Vivado_HLS/2015.3/lnx64/tools/eclipse/plugins/com.autoesl.autopilot.ui.directiveFileModel_1.0.0.jar:/work/zhang/common/tools/xilinx/Vivado_HLS/2015.3/lnx64/tools/eclipse/plugins/com.autoesl.autopilot.ui.common_1.0.0.jar"  autopilot.sourceprocessor.CParser  "/work/zhang/common/tools/rocket/rocket-chip/gcd-rocket-vivado-hls/mul/solution/.autopilot/db/mul.pp.0.cpp.ap-line.cpp"  -m "mul" -o "/work/zhang/common/tools/rocket/rocket-chip/gcd-rocket-vivado-hls/mul/solution/.autopilot/db/mul.pp.0.cpp.ap-cdt.cpp" --pp --directive /work/zhang/common/tools/rocket/rocket-chip/gcd-rocket-vivado-hls/mul/solution/solution.directive --source /work/zhang/common/tools/rocket/rocket-chip/gcd-rocket-vivado-hls/mul.cpp --error /work/zhang/common/tools/rocket/rocket-chip/gcd-rocket-vivado-hls/mul/solution/.autopilot/db --funcunit "AddSub AddSub_DSP AddSubnS DAddSub_fulldsp DAddSub_nodsp DDiv DExp_fulldsp DExp_meddsp DExp_nodsp DLog_fulldsp DLog_meddsp DLog_nodsp DMul_fulldsp DMul_maxdsp DMul_meddsp DMul_nodsp DRSqrt DRecip DSqrt DivnS FAddSub_fulldsp FAddSub_nodsp FDiv FExp_fulldsp FExp_meddsp FExp_nodsp FLog_fulldsp FLog_meddsp FLog_nodsp FMul_fulldsp FMul_maxdsp FMul_meddsp FMul_nodsp FRSqrt_fulldsp FRSqrt_nodsp FRecip_fulldsp FRecip_nodsp FSqrt HAddSub_nodsp HDiv HMul_fulldsp HMul_maxdsp HMul_nodsp HSqrt Mul Mul2S Mul3S Mul4S Mul5S Mul6S Mul_LUT MulnS MuxnS" --ve --vetcl /work/zhang/common/tools/rocket/rocket-chip/gcd-rocket-vivado-hls/mul/solution/.autopilot/db --ca --es --gf --df --pd --p2d /work/zhang/common/tools/rocket/rocket-chip/gcd-rocket-vivado-hls/mul/solution/.autopilot/db --sd --scff /work/zhang/common/tools/rocket/rocket-chip/gcd-rocket-vivado-hls/mul/solution/.autopilot/db/.systemc_flag --ad

@I [HLS-0] Error:Syntax error in source:for (__decltype(__n + 0) __niter = __n;
Error:Missing ; in source:t
Error:Syntax error in source:)
 *__first = __value;
Error:Syntax error in source:for (__decltype(__n + 0) __niter = __n;
Error:Missing ; in source:t
Error:Syntax error in source:)
 *__first = __tmp;
@I [HLS-0] Marker-Pragma convertor: /work/zhang/common/tools/rocket/rocket-chip/gcd-rocket-vivado-hls/mul/solution/.autopilot/db/mul.pp.0.cpp.ap-cdt.cpp /work/zhang/common/tools/rocket/rocket-chip/gcd-rocket-vivado-hls/mul/solution/.autopilot/db/mul.pragma.0.cpp /work/zhang/common/tools/rocket/rocket-chip/gcd-rocket-vivado-hls/mul/solution/.autopilot/db/mul.pragma.0.cpp.ap-line.CXX 0
@I [HLS-100] Command "source /work/zhang/common/tools/rocket/rocket-chip/gcd-rocket-vivado-hls/mul/solution/.autopilot/db/pragma.status.tcl "
@I [HLS-100] Command 'ap_source' returned 0; elapsed 0Total elapsed time: 17.475 sec.
@I [HLS-0] CDT processor time: 13 seconds per iteration
@I [HLS-0] Pragma handling time: 1 seconds per iteration
@I [HLS-0] 
Source preprocessing: exec clang -fno-limit-debug-info -gcc-toolchain "/work/zhang/common/tools/xilinx/Vivado_HLS/2015.3/lnx64/tools/gcc" -hls -fno-exceptions  -D__llvm__  -CC -E "/work/zhang/common/tools/rocket/rocket-chip/gcd-rocket-vivado-hls/mul/solution/.autopilot/db/mul.pragma.1.cpp"     -fno-math-errno -c -emit-llvm -O0  -mllvm -disable-llvm-optzns -fno-threadsafe-statics  -fno-use-cxa-atexit  -fno-threadsafe-statics -fno-use-cxa-atexit -DAESL_SYN -D__SYNTHESIS__ -D__HLS_SYN__ -I "/work/zhang/common/tools/xilinx/Vivado_HLS/2015.3/common/technology/autopilot" -I "/work/zhang/common/tools/xilinx/Vivado_HLS/2015.3/common/technology/autopilot/ap_sysc" -include etc/autopilot_ssdm_op.h  -o "/work/zhang/common/tools/rocket/rocket-chip/gcd-rocket-vivado-hls/mul/solution/.autopilot/db/mul.pragma.2.cpp"

@I [HLS-0] exec clang -fno-limit-debug-info -gcc-toolchain /work/zhang/common/tools/xilinx/Vivado_HLS/2015.3/lnx64/tools/gcc -hls -hls-analyze-label -hls-analyze-pragma -fno-exceptions  -D__llvm__  -w  "/work/zhang/common/tools/rocket/rocket-chip/gcd-rocket-vivado-hls/mul/solution/.autopilot/db/mul.pragma.2.cpp"    -fno-math-errno -c -emit-llvm -O0  -mllvm -disable-llvm-optzns -fno-threadsafe-statics  -fno-use-cxa-atexit -DAESL_SYN -D__SYNTHESIS__ -D__HLS_SYN__ -I "/work/zhang/common/tools/xilinx/Vivado_HLS/2015.3/common/technology/autopilot" -I "/work/zhang/common/tools/xilinx/Vivado_HLS/2015.3/common/technology/autopilot/ap_sysc" -include etc/autopilot_ssdm_op.h -g -o "/work/zhang/common/tools/rocket/rocket-chip/gcd-rocket-vivado-hls/mul/solution/.autopilot/db/mul.g.bc"
@I [HLS-100] Command "source /work/zhang/common/tools/rocket/rocket-chip/gcd-rocket-vivado-hls/mul/solution/.autopilot/db/ve_warning.tcl "
@I [HLS-100] Command 'ap_source' returned 0; elapsed 0Total elapsed time: 20.82 sec.
@I [HLS-10] Validating synthesis directives ...
@0 [HLS-0] Validating synthesis directives ...
@I [HLS-100] Command "source /work/zhang/common/tools/rocket/rocket-chip/gcd-rocket-vivado-hls/mul/solution/.autopilot/db/pragma.status.tcl "
@I [HLS-100] Command 'ap_source' returned 0; elapsed 0Total elapsed time: 20.83 sec.
@I [HLS-0] Linking all ...
@I [HLS-0] exec llvm-ld  "/work/zhang/common/tools/rocket/rocket-chip/gcd-rocket-vivado-hls/mul/solution/.autopilot/db/mul.bc"  -disable-opt  -L/work/zhang/common/tools/xilinx/Vivado_HLS/2015.3/lnx64/lib -lm_basic -o "/work/zhang/common/tools/rocket/rocket-chip/gcd-rocket-vivado-hls/mul/solution/.autopilot/db/a.o.pre"
@I [HLS-0] Link time: 0 seconds per iteration
@I [HLS-0] Linking all ...
@I [HLS-0] exec llvm-ld  "/work/zhang/common/tools/rocket/rocket-chip/gcd-rocket-vivado-hls/mul/solution/.autopilot/db/mul.g.bc"  -disable-opt  -L/work/zhang/common/tools/xilinx/Vivado_HLS/2015.3/lnx64/lib -lm_basic -o "/work/zhang/common/tools/rocket/rocket-chip/gcd-rocket-vivado-hls/mul/solution/.autopilot/db/a.g.pre"
@I [HLS-0] Link time: 0 seconds per iteration
@I [HLS-100] Command "opt_and_import_c a -opt_level=2 -skip_syncheck=0 -ng=0 -keep_printf=0 "
@I [HLS-100] Command "cleanup_all_models "
@I [HLS-100] Command 'cleanup_all_models' returned 0; elapsed 0Total elapsed time: 20.602 sec.
@I [HLS-10] Starting code transformations ...
@0 [HLS-0] Starting code transformations ...
@I [HLS-0] std xform: transform -hls -share-std-xform -always-inline -promote-dbg-pointer  -interface-preproc  -scalarrepl -mem2reg -keep-read-access -instcombine -dce  -promote-dbg-pointer  -bitop-raise  -indvars -loop-simplify -xunroll  -constprop -instcombine -simplifycfg -indvars  -simplifycfg -dce -globaldce  -basicaa  -simplifycfg -mem2reg -globalopt  -global-constprop -deadargelim -instcombine -simplifycfg  -prune-eh -simplifycfg  -scalarrepl -instcombine -reassociate -licm  -simplifycfg -loop-simplify -indvars -instcombine  -simplifycfg -mem2reg -loop-simplify -indvars -instcombine  -gvn -gvn -instcombine -adce  -break-crit-edges  -simplifycfg -loop-delete  -global-array-opt -dce -dse -adce  -find-syn-modules -top mul  -deadargelim  -mem2reg -instcombine -dce  -presyn-prepare -auto-rom-infer  -interface-preproc  -syn-check -check-rec-only  -find-region -simplifycfg -func-extr -function-inline  -globaldce -mem2reg -instcombine -dce   -gvn -globaldce -adce -adse  -constprop -instcombine -bit-constprop  -instcombine -dce -simplifycfg -bitop-raise  -simplifycfg -dce -loop-delete -reassociate  -globalopt -global-privatize -mem2reg -dce  -global-constprop -pointer-simplify -constprop -dce  -func-inst -deadargelim  -promote-dbg-pointer  -norm-name   /work/zhang/common/tools/rocket/rocket-chip/gcd-rocket-vivado-hls/mul/solution/.autopilot/db/a.g.0.bc -o /work/zhang/common/tools/rocket/rocket-chip/gcd-rocket-vivado-hls/mul/solution/.autopilot/db/a.g.1.bc -f  -phase std-opt
@I [HLS-0] Std xform time: 0 seconds per iteration
@I [HLS-100] Command "is_encrypted /work/zhang/common/tools/rocket/rocket-chip/gcd-rocket-vivado-hls/mul/solution/.autopilot/db/a.g.1.bc "
@I [HLS-100] Command 'is_encrypted' returned 0; elapsed 0Total elapsed time: 20.894 sec.
@I [HLS-10] Checking synthesizability ...
@0 [HLS-0] Checking synthesizability ...
@I [HLS-0] syn check 1/2: transform -hls -syn-check -check-rec-only -disaggr -scalarrepl -norm-name -dce  -mem2reg -instcombine  -function-uniquify -directive-preproc -mem2reg -dse -dce -auto-rom-infer -dce  -array-normalize -instcombine -dce  -array-seg-normalize -instcombine -dce  -array-flatten -instcombine -dce  -array-burst -dce  -deadargelim -promote-global-argument  -function-inline -globaldce -dce  -doublePtrSimplify -doublePtrElim -dce  -doublePtrSimplify -promote-dbg-pointer  -dce -scalarrepl -dse -adse -instcombine  -ptrLegalization  -simplifycfg -dce -instcombine  -pointer-simplify -ptrArgReplace -dce -instcombine   -disaggr -scalarrepl -norm-name -dce  -mem2reg -instcombine -ptrLegalization   -simplifycfg -deadargelim  -instcombine -dce -inst-simplify  -function-uniquify -directive-preproc -mem2reg -dse -dce  -globaldce    /work/zhang/common/tools/rocket/rocket-chip/gcd-rocket-vivado-hls/mul/solution/.autopilot/db/a.g.1.bc -o /work/zhang/common/tools/rocket/rocket-chip/gcd-rocket-vivado-hls/mul/solution/.autopilot/db/a.g.2.prechk.bc -f
@I [HLS-0] Syn check 1/2 time: 0 seconds per iteration
@I [HLS-0] syn check 2/2: transform -syn-check   /work/zhang/common/tools/rocket/rocket-chip/gcd-rocket-vivado-hls/mul/solution/.autopilot/db/a.g.2.prechk.bc -o /work/zhang/common/tools/rocket/rocket-chip/gcd-rocket-vivado-hls/mul/solution/.autopilot/db/a.g.2.bc -f  -phase syn-check
@I [HLS-0] Syn check 2/2 time: 0 seconds per iteration
@I [HLS-0] Compiler optimizing ...
@I [HLS-0] Share syncheck's 1.bc for syn flow: copy /work/zhang/common/tools/rocket/rocket-chip/gcd-rocket-vivado-hls/mul/solution/.autopilot/db/a.g.1.bc to /work/zhang/common/tools/rocket/rocket-chip/gcd-rocket-vivado-hls/mul/solution/.autopilot/db/a.o.1.bc
@I [HLS-0] presyn 1: transform -hls -tmp /work/zhang/common/tools/rocket/rocket-chip/gcd-rocket-vivado-hls/mul/solution/.autopilot/db -type-info  -function-uniquify -directive-preproc -mem2reg -dse -dce  -disaggr -scalarrepl -norm-name -deadargelim  -mem2reg -instcombine -dce -auto-rom-infer -dce -function-uniquify  -clib-intrinsic-prepare -dce  -func-buffer -dce -array-normalize  -func-legal -instcombine -gvn -constprop -dce   -ptrArgReplace -mem2reg -instcombine -dce  -array-seg-normalize -deadargelim  -instcombine -dce  -pointer-simplify -dce  -port-alignment -dce  -interface-preproc  -data-pack -instcombine -dce   -basicaa -aggr-aa -aggrmodref-aa -aggr-aa -gvn -gvn  -basicaa -aggr-aa -aggrmodref-aa -aggr-aa -dse -adse -adce  -loop-simplify -indvars -instcombine  -gvn -loop-simplify -mem2reg -dce -simplifycfg  -find-region -instcombine  -auto-loop-pipeline  -inst-simplify  -interface-preproc  -indvars -auto-loop-unroll -loop-simplify -loop-bound -xunroll  -constprop -instcombine -simplifycfg -indvars  -simplifycfg -dce -globaldce  -attach-range  -gvn -disable-agg-range -inst-simplify  -constprop -simplifycfg -dce  -pointer-simplify -dce  -globalopt -constprop -dce  -array-promote -constprop -instcombine -dce  -ptrArgReplace -mem2reg  -instcombine -simplifycfg -dce  -auto-par -instcombine -dce  -array-transform-check  -array-reshape -instcombine -simplifycfg -dce  -ptrArgReplace -deadargelim -mem2reg  -instcombine -simplifycfg -dce   -duplicate-dataflow-processes -globaldce  -array-partition -instcombine -simplifycfg -dce  -ptrArgReplace -global-constprop -deadargelim -mem2reg  -func-legal -instcombine -dce -global-constprop -deadargelim -mem2reg  -instcombine -simplifycfg -dce   -globalopt -constprop -dce  -array-promote -constprop -instcombine -dce  -ptrArgReplace -mem2reg  -instcombine -simplifycfg -dce   -mem-intrinsic-preproc -dce  -global-privatize  -mem2reg -globaldce  -promote-global-argument  -ptrArgReplace -mem2reg -instcombine -dce  -globalopt -mergereturn -simplify-global-access -mem2reg -dce  -pointer-simplify -dce  -functionattrs  -basicaa -aggr-aa -aggrmodref-aa -aggr-aa -gvn -gvn  -basicaa -aggr-aa -aggrmodref-aa -aggr-aa -dse -adse -adce  -inst-simplify -dce -norm-name  -function-inline -globaldce  -func-inst -constprop -instcombine -simplifycfg -dce  -func-legal -dce   -loop-bound  -arraycheck -bitwidthmin -on-by-dataflow  -loop-delete -instcombine -simplifycfg -dce -loop-simplify -clean-region -simplifycfg -loop-stream -instcombine -simplifycfg -dce -globaldce  -stream-intrinsic-preproc -dce  -check-ap-stream -loop-simplify -eliminate-keepreads   -extract-dataflow-in-loop -loop-simplify -dce -gvn -deadargelim  -check-dataflow-syntax  -legalize-stream-variable -legalize-global -legalize-global-1  -extract-subproc -dce -dead-channel-elimination  -canonicalize-gep -globaldce -dce -gvn -deadargelim  -scalar-propagation -deadargelim -globaldce -mem2reg  -check-dataflow-channels -function-stream -dce -globaldce  -prop-fifo-spec -internal-stream-gen  -canonicalize-gep -globaldce -dce -gvn -deadargelim   -mergereturn -indvars -loop-simplify  -array-stream -instcombine -simplifycfg -dce  -bundle-memfifo-ops -deadargelim    -function-uniquify -directive-preproc -mem2reg -dse -dce  -group-axi-access    -licm -simplifycfg -dce -loop-delete  -norm-name  /work/zhang/common/tools/rocket/rocket-chip/gcd-rocket-vivado-hls/mul/solution/.autopilot/db/a.o.1.bc -o /work/zhang/common/tools/rocket/rocket-chip/gcd-rocket-vivado-hls/mul/solution/.autopilot/db/a.o.1.tmp.bc -f
@I [XFORM-1101] Packing variable 'io_cmd.V' (mul.cpp:29) into a 160-bit variable.
@I [XFORM-1101] Packing variable 'io_resp.V' (mul.cpp:29) into a 74-bit variable.
@I [HLS-0] Presyn 1 time: 0 seconds per iteration
@I [HLS-0] presyn 2: transform -hls -keep-callgraph -scalarrepl -mem2reg  -port-alignment -attach-range -dce  -pipe-mux-gen  -indvars -loop-bound  -inst-simplify -instcombine -dce  -merge-array-access -mem2reg -dce  -clean-region -mergereturn -if-conv  -instcombine -dce -constprop  -basicaa -aggr-aa -aggrmodref-aa -aggr-aa -gvn -gvn  -basicaa -aggr-aa -aggrmodref-aa -aggr-aa -dse -adse -adce  -scalarrepl -mem2reg  -global-constprop -deadargelim -deadargelim  -instcombine -dce -simplifycfg    -ptrArgReplace -mem2reg -function-inline  -globaldce -mem2reg -instcombine -dce -expr-balance  -instcombine -dce  -bitwidthmin  -directive-preproc  -inst-rectify -instcombine -dce  -functionattrs  -constprop -instcombine -bit-constprop  -simplify-global-access  -globalopt -globaldce  -inst-simplify -instcombine -elimdeaddata -dce  -loop-delete -simplifycfg   -norm-name /work/zhang/common/tools/rocket/rocket-chip/gcd-rocket-vivado-hls/mul/solution/.autopilot/db/a.o.1.tmp.bc -o /work/zhang/common/tools/rocket/rocket-chip/gcd-rocket-vivado-hls/mul/solution/.autopilot/db/a.o.2.bc -f  -phase presyn
@I [HLS-0] Presyn 2 time: 0 seconds per iteration
@I [HLS-100] Command "is_encrypted /work/zhang/common/tools/rocket/rocket-chip/gcd-rocket-vivado-hls/mul/solution/.autopilot/db/a.o.2.bc "
@I [HLS-100] Command 'is_encrypted' returned 0; elapsed 0Total elapsed time: 21.596 sec.
@I [HLS-0] build ssdm: transform -hls  -function-uniquify -auto-function-inline -globaldce  -ptrArgReplace -mem2reg -instcombine -dce  -array-flatten -gvn -instcombine -dce  -loop-simplify -indvars -licm -loop-dep  -loop-bound -licm -loop-simplify -flattenloopnest  -array-map -dce -func-legal  -gvn -adce -instcombine -cfgopt -simplifycfg -loop-simplify   -array-burst -promote-global-argument -dce  -axi4-lower -array-seg-normalize  -basicaa -aggrmodref-aa -globalsmodref-aa -aggr-aa -gvn -gvn  -basicaa -aggrmodref-aa -globalsmodref-aa -aggr-aa -dse -adse -adce -licm  -inst-simplify -dce  -globaldce -array-stream -eliminate-keepreads -instcombine  -dce   -deadargelim -doublePtrSimplify  -doublePtrElim -dce -doublePtrSimplify -promote-dbg-pointer  -dce -scalarrepl -mem2reg -disaggr -norm-name -mem2reg  -instcombine  -dse -adse -adce -ptrLegalization -dce -auto-rom-infer -array-flatten -dce -instcombine  -loop-rot -constprop -cfgopt -simplifycfg -loop-simplify -indvars -pointer-simplify -dce -loop-bound  -loop-simplify -loop-preproc  -constprop -global-constprop -gvn -mem2reg -instcombine -dce  -loop-merge -dce  -bitwidthmin  -deadargelim -dce  -scalar-propagation -deadargelim -globaldce -mem2reg  -interface-preproc -interface-gen  -deadargelim -directive-preproc -inst-simplify -dce  -gvn -mem2reg -instcombine -dce -adse  -loop-bound  -instcombine -cfgopt -simplifycfg -loop-simplify  -clean-region -io-protocol  -find-region -mem2reg  -bitop-raise  -inst-simplify -inst-rectify -instcombine -adce -deadargelim  -loop-simplify -phi-opt -bitop-raise  -cfgopt -simplifycfg -strip-dead-prototypes  -interface-lower -bitop-lower -intrinsic-lower -auto-function-inline  -basicaa -aggrmodref-aa -globalsmodref-aa -aggr-aa  -inst-simplify -simplifycfg   -mergereturn -inst-simplify -inst-rectify  -dce -bitop-lower  -loop-rewind -pointer-simplify -dce -cfgopt  -read-loop-dep -dce -bitwidth -norm-name -legalize    -cdfg-build  /work/zhang/common/tools/rocket/rocket-chip/gcd-rocket-vivado-hls/mul/solution/.autopilot/db/a.o.2.bc -o /work/zhang/common/tools/rocket/rocket-chip/gcd-rocket-vivado-hls/mul/solution/.autopilot/db/a.o.3.bc -f  -phase build-ssdm
@I [HLS-0] Build ssdm time: 0 seconds per iteration
@I [HLS-100] Command "is_encrypted /work/zhang/common/tools/rocket/rocket-chip/gcd-rocket-vivado-hls/mul/solution/.autopilot/db/a.o.3.bc "
@I [HLS-100] Command 'is_encrypted' returned 0; elapsed 0Total elapsed time: 21.890 sec.
@I [HLS-0] Finish building internal data model.
@I [HLS-100] Command 'opt_and_import_c' returned 0; elapsed 1.01Total elapsed time: 21.945 sec.
@I [HLS-111] Elapsed time: 4.66 seconds; current memory usage: 0.184 MB.
@I [HLS-100] Command 'elaborate' returned 0; elapsed 3.94Total elapsed time: 21.945 sec.
@I [HLS-100] Command "autosyn "
@I [HLS-10] Starting hardware synthesis ...
@0 [HLS-0] Starting hardware synthesis ...
@I [HLS-0] Synthesizing C/C++ design ...
@I [HLS-10] Synthesizing 'mul' ...
@0 [HLS-0] Synthesizing 'mul' ...
@I [HLS-100] Command "ap_set_top_model mul "
@I [HLS-100] Command 'ap_set_top_model' returned 0; elapsed 0Total elapsed time: 21.946 sec.
@I [HLS-100] Command "get_model_list mul -filter all-wo-channel -topdown "
@I [HLS-100] Command 'get_model_list' returned 0; elapsed 0Total elapsed time: 21.946 sec.
@I [HLS-100] Command "preproc_iomode -model mul "
@I [HLS-100] Command 'preproc_iomode' returned 0; elapsed 0Total elapsed time: 21.946 sec.
@I [HLS-100] Command "get_model_list mul -filter all-wo-channel "
@I [HLS-100] Command 'get_model_list' returned 0; elapsed 0Total elapsed time: 21.947 sec.
@I [HLS-0] Model list for configure: mul
@I [HLS-0] Configuring Module : mul ...
@I [HLS-100] Command "set_default_model mul "
@I [HLS-100] Command 'set_default_model' returned 0; elapsed 0Total elapsed time: 21.947 sec.
@I [HLS-100] Command "apply_spec_resource_limit mul "
@I [HLS-100] Command 'apply_spec_resource_limit' returned 0; elapsed 0Total elapsed time: 21.947 sec.
@I [HLS-0] Model list for preprocess: mul
@I [HLS-0] Preprocessing Module: mul ...
@I [HLS-100] Command "set_default_model mul "
@I [HLS-100] Command 'set_default_model' returned 0; elapsed 0Total elapsed time: 21.947 sec.
@I [HLS-100] Command "cdfg_preprocess -model mul "
@I [HLS-100] Command 'cdfg_preprocess' returned 0; elapsed 0Total elapsed time: 21.947 sec.
@I [HLS-100] Command "rtl_gen_preprocess mul "
@I [HLS-100] Command 'rtl_gen_preprocess' returned 0; elapsed 0Total elapsed time: 21.949 sec.
@I [HLS-0] Model list for synthesis: mul
@I [HLS-10] ----------------------------------------------------------------
@0 [HLS-0] ----------------------------------------------------------------
@I [HLS-10] -- Scheduling module 'mul' 
@0 [HLS-0] -- Scheduling module 'mul' 
@I [HLS-10] ----------------------------------------------------------------
@0 [HLS-0] ----------------------------------------------------------------
@I [HLS-100] Command "set_default_model mul "
@I [HLS-100] Command 'set_default_model' returned 0; elapsed 0Total elapsed time: 21.949 sec.
@I [HLS-100] Command "schedule -model mul "
@I [SCHED-11] Starting scheduling ...
@I [SCHED-11] Finished scheduling.
@I [HLS-100] Command 'schedule' returned 0; elapsed 0.06Total elapsed time: 22.4 sec.
@I [HLS-111] Elapsed time: 0.06 seconds; current memory usage: 0.184 MB.
@I [HLS-100] Command "report -o /work/zhang/common/tools/rocket/rocket-chip/gcd-rocket-vivado-hls/mul/solution/.autopilot/db/mul.verbose.sched.rpt -verbose -f "
@I [HLS-100] Command 'report' returned 0; elapsed 0Total elapsed time: 22.6 sec.
@I [HLS-100] Command "db_write -o /work/zhang/common/tools/rocket/rocket-chip/gcd-rocket-vivado-hls/mul/solution/.autopilot/db/mul.sched.adb -f "
@I [HLS-100] Command 'db_write' returned 0; elapsed 0Total elapsed time: 22.8 sec.
@I [HLS-0] Finish scheduling mul.
@I [HLS-10] ----------------------------------------------------------------
@0 [HLS-0] ----------------------------------------------------------------
@I [HLS-10] -- Exploring micro-architecture for module 'mul' 
@0 [HLS-0] -- Exploring micro-architecture for module 'mul' 
@I [HLS-10] ----------------------------------------------------------------
@0 [HLS-0] ----------------------------------------------------------------
@I [HLS-100] Command "set_default_model mul "
@I [HLS-100] Command 'set_default_model' returned 0; elapsed 0Total elapsed time: 22.9 sec.
@I [HLS-100] Command "bind -model mul "
@I [BIND-110] clear=
@I [BIND-110] debug=
@I [BIND-110] drf=
@I [BIND-110] effort=
@I [BIND-110] fast_refine=
@I [BIND-110] fu_weight=[ 0.0 -- 1.0 ]
@I [BIND-110] global_opt=
@I [BIND-110] gsearch=
@I [BIND-110] help=
@I [BIND-110] help-hidden=
@I [BIND-110] min_mem_port=
@I [BIND-110] min_op=
@I [BIND-110] minreg=
@I [BIND-110] ml=
@I [BIND-110] model=mul
@I [BIND-110] no_false_path=
@I [BIND-110] no_min_op=
@I [BIND-110] normalize=
@I [BIND-110] quiet=
@I [BIND-110] refine=
@I [BIND-110] reg_weight=[ 0.0 -- 1.0 ]
@I [BIND-110] search=
@I [BIND-110] tight_delay=
@I [BIND-110] verbose=
@I [BIND-110] wFF=
@I [BIND-110] wFU=
@I [BIND-110] wMUX=
@I [BIND-110] wNET=
@I [BIND-100] Starting micro-architecture generation ...
@I [BIND-101] Performing variable lifetime analysis.
@I [BIND-101] Exploring resource sharing.
@I [BIND-101] Binding ...
@I [BIND-100] Finished micro-architecture generation.
@I [HLS-100] Command 'bind' returned 0; elapsed 0.01Total elapsed time: 22.15 sec.
@I [HLS-111] Elapsed time: 0.01 seconds; current memory usage: 0.184 MB.
@I [HLS-100] Command "report -o /work/zhang/common/tools/rocket/rocket-chip/gcd-rocket-vivado-hls/mul/solution/.autopilot/db/mul.verbose.bind.rpt -verbose -f "
@I [HLS-100] Command 'report' returned 0; elapsed 0.02Total elapsed time: 22.28 sec.
@I [HLS-100] Command "db_write -o /work/zhang/common/tools/rocket/rocket-chip/gcd-rocket-vivado-hls/mul/solution/.autopilot/db/mul.bind.adb -f "
@I [HLS-100] Command 'db_write' returned 0; elapsed 0Total elapsed time: 22.31 sec.
@I [HLS-0] Finish binding mul.
@I [HLS-100] Command "get_model_list mul -filter all-wo-channel "
@I [HLS-100] Command 'get_model_list' returned 0; elapsed 0Total elapsed time: 22.31 sec.
@I [HLS-0] Preprocessing for RTLGen ...
@I [HLS-100] Command "rtl_gen_preprocess mul "
@I [HLS-100] Command 'rtl_gen_preprocess' returned 0; elapsed 0Total elapsed time: 22.32 sec.
@I [HLS-0] Model list for RTL generation: mul
@I [HLS-10] ----------------------------------------------------------------
@0 [HLS-0] ----------------------------------------------------------------
@I [HLS-10] -- Generating RTL for module 'mul' 
@0 [HLS-0] -- Generating RTL for module 'mul' 
@I [HLS-10] ----------------------------------------------------------------
@0 [HLS-0] ----------------------------------------------------------------
@I [HLS-100] Command "create_rtl_model mul -vendor xilinx -mg_file /work/zhang/common/tools/rocket/rocket-chip/gcd-rocket-vivado-hls/mul/solution/.autopilot/db/mul.compgen.tcl "
@I [RTGEN-500] Setting interface mode on port 'mul/io_cmd_V' to 'ap_hs'.
@I [RTGEN-500] Setting interface mode on port 'mul/io_resp_V' to 'ap_hs'.
@I [RTGEN-500] Setting interface mode on function 'mul' to 'ap_ctrl_none'.
@I [RTGEN-100] Generating core module 'mul_mul_64s_64s_64_19': 1 instance(s).
@I [RTGEN-100] Finished creating RTL model for 'mul'.
@I [HLS-100] Command 'create_rtl_model' returned 0; elapsed 0.01Total elapsed time: 22.47 sec.
@I [HLS-111] Elapsed time: 0.03 seconds; current memory usage: 0.184 MB.
@I [HLS-100] Command "source /work/zhang/common/tools/rocket/rocket-chip/gcd-rocket-vivado-hls/mul/solution/.autopilot/db/mul.rtl_wrap.cfg.tcl "
@I [HLS-100] Command 'ap_source' returned 0; elapsed 0Total elapsed time: 22.48 sec.
@I [HLS-100] Command "gen_rtl mul -istop -style xilinx -tracefl mytrace -tracefmt vcd -traceopt all -f -lang sc -o /work/zhang/common/tools/rocket/rocket-chip/gcd-rocket-vivado-hls/mul/solution/syn/systemc/mul -synmodules mul "
@I [HLS-100] Command 'gen_rtl' returned 0; elapsed 0Total elapsed time: 22.50 sec.
@I [HLS-100] Command "gen_rtl mul -istop -style xilinx -f -lang vhdl -o /work/zhang/common/tools/rocket/rocket-chip/gcd-rocket-vivado-hls/mul/solution/syn/vhdl/mul "
@I [HLS-100] Command 'gen_rtl' returned 0; elapsed 0.01Total elapsed time: 22.58 sec.
@I [HLS-100] Command "gen_rtl mul -istop -style xilinx -f -lang vlog -o /work/zhang/common/tools/rocket/rocket-chip/gcd-rocket-vivado-hls/mul/solution/syn/verilog/mul "
@I [HLS-100] Command 'gen_rtl' returned 0; elapsed 0Total elapsed time: 22.63 sec.
@I [HLS-100] Command "export_constraint_db -o /work/zhang/common/tools/rocket/rocket-chip/gcd-rocket-vivado-hls/mul/solution/.autopilot/db/mul.constraint.tcl -f -tool general "
@I [HLS-100] Command 'export_constraint_db' returned 0; elapsed 0Total elapsed time: 22.63 sec.
@I [HLS-100] Command "report -model mul -o /work/zhang/common/tools/rocket/rocket-chip/gcd-rocket-vivado-hls/mul/solution/.autopilot/db/mul.design.xml -verbose -f -dv "
@I [HLS-100] Command 'report' returned 0; elapsed 0.01Total elapsed time: 22.71 sec.
@I [HLS-100] Command "report -model mul -o /work/zhang/common/tools/rocket/rocket-chip/gcd-rocket-vivado-hls/mul/solution/.autopilot/db/mul.sdaccel.xml -verbose -f -sdaccel "
@I [HLS-100] Command 'report' returned 0; elapsed 0.01Total elapsed time: 22.83 sec.
@I [HLS-100] Command "gen_tb_info mul -o /work/zhang/common/tools/rocket/rocket-chip/gcd-rocket-vivado-hls/mul/solution/.autopilot/db/mul -p /work/zhang/common/tools/rocket/rocket-chip/gcd-rocket-vivado-hls/mul/solution/.autopilot/db "
@I [HLS-100] Command 'gen_tb_info' returned 0; elapsed 0Total elapsed time: 22.83 sec.
@I [HLS-100] Command "report -model mul -o /work/zhang/common/tools/rocket/rocket-chip/gcd-rocket-vivado-hls/mul/solution/syn/report/mul_csynth.rpt -f "
@I [HLS-100] Command 'report' returned 0; elapsed 0Total elapsed time: 22.89 sec.
@I [HLS-100] Command "report -model mul -o /work/zhang/common/tools/rocket/rocket-chip/gcd-rocket-vivado-hls/mul/solution/syn/report/mul_csynth.xml -f -x "
@I [HLS-100] Command 'report' returned 0; elapsed 0.01Total elapsed time: 22.93 sec.
@I [HLS-100] Command "report -model mul -o /work/zhang/common/tools/rocket/rocket-chip/gcd-rocket-vivado-hls/mul/solution/.autopilot/db/mul.verbose.rpt -verbose -f "
@I [HLS-100] Command 'report' returned 0; elapsed 0.01Total elapsed time: 22.111 sec.
@I [HLS-100] Command "db_write -model mul -o /work/zhang/common/tools/rocket/rocket-chip/gcd-rocket-vivado-hls/mul/solution/.autopilot/db/mul.adb -f "
@I [HLS-100] Command 'db_write' returned 0; elapsed 0.01Total elapsed time: 22.117 sec.
@I [HLS-100] Command "sc_get_clocks mul "
@I [HLS-100] Command 'sc_get_clocks' returned 0; elapsed 0Total elapsed time: 22.124 sec.
@I [HLS-100] Command "sc_get_portdomain mul "
@I [HLS-100] Command 'sc_get_portdomain' returned 0; elapsed 0Total elapsed time: 22.124 sec.
@I [HLS-0] Model list for RTL component generation: mul
@I [HLS-0] Handling components in module [mul] ... 
@I [HLS-100] Command "source /work/zhang/common/tools/rocket/rocket-chip/gcd-rocket-vivado-hls/mul/solution/.autopilot/db/mul.compgen.tcl "
@I [HLS-0] Found component mul_mul_64s_64s_64_19.
@I [HLS-0] Append model mul_mul_64s_64s_64_19
@I [HLS-100] Command 'ap_source' returned 0; elapsed 0Total elapsed time: 22.125 sec.
@I [HLS-0] Append model mul
@I [HLS-0] Generating RTL model list ...
@I [HLS-0] All models in this session: mul_mul_64s_64s_64_19 mul
@I [HLS-0] To file: write model mul_mul_64s_64s_64_19
@I [HLS-0] To file: write model mul
@I [HLS-0] Finished generating RTL model list.


@I [HLS-0] RTL Generation done.
@I [HLS-0] CAS Generation done.
@I [HLS-0] CBC Generation done.
@I [HLS-100] Command "export_ssdm /work/zhang/common/tools/rocket/rocket-chip/gcd-rocket-vivado-hls/mul/solution/.autopilot/db/a.export.ll "
@I [HLS-100] Command 'export_ssdm' returned 0; elapsed 0Total elapsed time: 22.126 sec.
@I [HLS-100] Command "source /work/zhang/common/tools/rocket/rocket-chip/gcd-rocket-vivado-hls/mul/solution/.autopilot/db/global.setting.tcl "
@I [HLS-100] Command 'ap_source' returned 0; elapsed 0Total elapsed time: 22.130 sec.
@I [HLS-100] Command "source /work/zhang/common/tools/xilinx/Vivado_HLS/2015.3/common/technology/generic/autopilot/common.gen "
@I [HLS-100] Command "source /work/zhang/common/tools/xilinx/Vivado_HLS/2015.3/common/technology/generic/autopilot/APCoreGen.gen "
@I [HLS-100] Command 'ap_source' returned 0; elapsed 0Total elapsed time: 22.131 sec.
@I [HLS-100] Command 'ap_source' returned 0; elapsed 0Total elapsed time: 22.132 sec.
@I [HLS-100] Command "source /work/zhang/common/tools/xilinx/Vivado_HLS/2015.3/common/technology/generic/autopilot/op.gen "
@I [HLS-100] Command 'ap_source' returned 0; elapsed 0Total elapsed time: 22.132 sec.
@I [HLS-100] Command "source /work/zhang/common/tools/xilinx/Vivado_HLS/2015.3/common/technology/generic/autopilot/op_simcore.gen "
@I [HLS-100] Command 'ap_source' returned 0; elapsed 0Total elapsed time: 22.133 sec.
@I [HLS-100] Command "source /work/zhang/common/tools/xilinx/Vivado_HLS/2015.3/common/technology/generic/autopilot/interface.gen "
@I [HLS-100] Command 'ap_source' returned 0; elapsed 0Total elapsed time: 22.134 sec.
@I [HLS-100] Command "source /work/zhang/common/tools/rocket/rocket-chip/gcd-rocket-vivado-hls/mul/solution/.autopilot/db/global.setting.tcl "
@I [HLS-100] Command 'ap_source' returned 0; elapsed 0Total elapsed time: 22.134 sec.
@I [HLS-100] Command "source /work/zhang/common/tools/xilinx/Vivado_HLS/2015.3/common/technology/xilinx/zynq/zynq.gen "
@I [HLS-100] Command "source /work/zhang/common/tools/xilinx/Vivado_HLS/2015.3/common/technology/xilinx/common/virtex.gen "
@I [HLS-100] Command "source /work/zhang/common/tools/xilinx/Vivado_HLS/2015.3/common/technology/xilinx/common/xilinx.gen "
@I [HLS-100] Command "source /work/zhang/common/tools/xilinx/Vivado_HLS/2015.3/common/technology/xilinx/interface/plb46.gen "
@I [HLS-100] Command 'ap_source' returned 0; elapsed 0.01Total elapsed time: 22.136 sec.
@I [HLS-100] Command "source /work/zhang/common/tools/xilinx/Vivado_HLS/2015.3/common/technology/xilinx/interface/fsl.gen "
@I [HLS-100] Command 'ap_source' returned 0; elapsed 0Total elapsed time: 22.137 sec.
@I [HLS-100] Command "source /work/zhang/common/tools/xilinx/Vivado_HLS/2015.3/common/technology/xilinx/interface/axi4.gen "
@I [HLS-100] Command 'ap_source' returned 0; elapsed 0.01Total elapsed time: 22.139 sec.
@I [HLS-100] Command "source /work/zhang/common/tools/xilinx/Vivado_HLS/2015.3/common/technology/xilinx/interface/nativeAXI4.gen "
@I [HLS-100] Command "source /work/zhang/common/tools/xilinx/Vivado_HLS/2015.3/common/technology/xilinx/interface/saxilite.gen "
@I [HLS-100] Command 'ap_source' returned 0; elapsed 0Total elapsed time: 22.144 sec.
@I [HLS-100] Command "source /work/zhang/common/tools/xilinx/Vivado_HLS/2015.3/common/technology/xilinx/interface/maxi.gen "
@I [HLS-100] Command 'ap_source' returned 0; elapsed 0.01Total elapsed time: 22.153 sec.
@I [HLS-100] Command 'ap_source' returned 0; elapsed 0.01Total elapsed time: 22.153 sec.
@I [HLS-100] Command "source /work/zhang/common/tools/xilinx/Vivado_HLS/2015.3/common/technology/xilinx/scripts/xilinxcoregen.gen "
@I [HLS-100] Command 'ap_source' returned 0; elapsed 0.01Total elapsed time: 22.163 sec.
@I [HLS-100] Command "source /work/zhang/common/tools/xilinx/Vivado_HLS/2015.3/common/technology/xilinx/interface/XilEDKCoreGen.gen "
@I [HLS-100] Command 'ap_source' returned 0; elapsed 0.01Total elapsed time: 22.173 sec.
@I [HLS-100] Command "source /work/zhang/common/tools/xilinx/Vivado_HLS/2015.3/common/technology/xilinx/ip/xfft.gen "
@I [HLS-100] Command 'ap_source' returned 0; elapsed 0.12Total elapsed time: 22.294 sec.
@I [HLS-100] Command "source /work/zhang/common/tools/xilinx/Vivado_HLS/2015.3/common/technology/xilinx/ip/xfir.gen "
@I [HLS-100] Command 'ap_source' returned 0; elapsed 0.03Total elapsed time: 22.331 sec.
@I [HLS-100] Command "source /work/zhang/common/tools/xilinx/Vivado_HLS/2015.3/common/technology/xilinx/ip/util.gen "
@I [HLS-100] Command 'ap_source' returned 0; elapsed 0Total elapsed time: 22.332 sec.
@I [HLS-100] Command "source /work/zhang/common/tools/xilinx/Vivado_HLS/2015.3/common/technology/xilinx/ip/dds_compiler.gen "
@I [HLS-100] Command 'ap_source' returned 0; elapsed 0.01Total elapsed time: 22.336 sec.
@I [HLS-100] Command 'ap_source' returned 0; elapsed 0.21Total elapsed time: 22.336 sec.
@I [HLS-100] Command "source /work/zhang/common/tools/xilinx/Vivado_HLS/2015.3/common/technology/xilinx/common/dsp48.gen "
@I [HLS-100] Command 'ap_source' returned 0; elapsed 0Total elapsed time: 22.338 sec.
@I [HLS-100] Command 'ap_source' returned 0; elapsed 0.21Total elapsed time: 22.338 sec.
@I [HLS-100] Command 'ap_source' returned 0; elapsed 0.21Total elapsed time: 22.338 sec.
@I [HLS-100] Command "source /work/zhang/common/tools/xilinx/Vivado_HLS/2015.3/common/technology/xilinx/zynq/zynq_fpv6.gen "
@I [HLS-100] Command "source /work/zhang/common/tools/xilinx/Vivado_HLS/2015.3/common/technology/xilinx/common/xilinx_fpv6.gen "
@I [HLS-100] Command 'ap_source' returned 0; elapsed 0Total elapsed time: 22.340 sec.
@I [HLS-100] Command 'ap_source' returned 0; elapsed 0Total elapsed time: 22.340 sec.
@I [HLS-100] Command "source /work/zhang/common/tools/rocket/rocket-chip/gcd-rocket-vivado-hls/mul/solution/.autopilot/db/global.setting.tcl "
@I [HLS-100] Command 'ap_source' returned 0; elapsed 0Total elapsed time: 22.341 sec.
@I [HLS-100] Command "source /work/zhang/common/tools/rocket/rocket-chip/gcd-rocket-vivado-hls/mul/solution/.autopilot/db/global.setting.tcl "
@I [HLS-100] Command 'ap_source' returned 0; elapsed 0Total elapsed time: 22.342 sec.
@I [HLS-100] Command "source /work/zhang/common/tools/rocket/rocket-chip/gcd-rocket-vivado-hls/mul/solution/.autopilot/db/global.setting.tcl "
@I [HLS-100] Command 'ap_source' returned 0; elapsed 0Total elapsed time: 22.342 sec.
@I [HLS-100] Command "source /work/zhang/common/tools/rocket/rocket-chip/gcd-rocket-vivado-hls/mul/solution/.autopilot/db/global.setting.tcl "
@I [HLS-100] Command 'ap_source' returned 0; elapsed 0Total elapsed time: 22.342 sec.
@I [HLS-100] Command "source /work/zhang/common/tools/rocket/rocket-chip/gcd-rocket-vivado-hls/mul/solution/.autopilot/db/mul.compgen.tcl "
@I [RTMG-282] Generating pipelined core: 'mul_mul_64s_64s_64_19_MulnS_0'
@I [HLS-100] Command 'ap_source' returned 0; elapsed 0.03Total elapsed time: 22.366 sec.
@I [HLS-10] Finished generating all RTL models.
@0 [HLS-0] Finished generating all RTL models.
@I [WSYSC-301] Generating RTL SystemC for 'mul'.
@I [WVHDL-304] Generating RTL VHDL for 'mul'.
@I [WVLOG-307] Generating RTL Verilog for 'mul'.
@I [HLS-100] Command 'autosyn' returned 0; elapsed 0.43Total elapsed time: 22.372 sec.
@I [HLS-100] Command 'csynth_design' returned 0; elapsed 4.37Total elapsed time: 22.372 sec.
@I [HLS-100] Command "cleanup_all "
@I [HLS-100] Command 'cleanup_all' returned 0; elapsed 0Total elapsed time: 22.377 sec.
