

================================================================
== Vivado HLS Report for 'sub'
================================================================
* Date:           Mon Jun 27 14:37:19 2016

* Version:        2015.3 (Build 1368829 on Mon Sep 28 20:31:51 PM 2015)
* Project:        sub
* Solution:       solution
* Product family: zynq
* Target device:  xc7z020clg484-2


================================================================
== Performance Estimates
================================================================
+ Timing (ns): 
    * Summary: 
    +--------+-------+----------+------------+
    |  Clock | Target| Estimated| Uncertainty|
    +--------+-------+----------+------------+
    |ap_clk  |   5.00|      2.80|        0.62|
    +--------+-------+----------+------------+

+ Latency (clock cycles): 
    * Summary: 
    +-----+-----+-----+-----+---------+
    |  Latency  |  Interval | Pipeline|
    | min | max | min | max |   Type  |
    +-----+-----+-----+-----+---------+
    |    0|    0|    1|    1|   none  |
    +-----+-----+-----+-----+---------+

    + Detail: 
        * Instance: 
        N/A

        * Loop: 
        N/A



================================================================
== Utilization Estimates
================================================================
* Summary: 
+-----------------+---------+-------+--------+-------+
|       Name      | BRAM_18K| DSP48E|   FF   |  LUT  |
+-----------------+---------+-------+--------+-------+
|DSP              |        -|      -|       -|      -|
|Expression       |        -|      -|       0|     65|
|FIFO             |        -|      -|       -|      -|
|Instance         |        -|      -|       -|      -|
|Memory           |        -|      -|       -|      -|
|Multiplexer      |        -|      -|       -|      1|
|Register         |        -|      -|       2|      -|
+-----------------+---------+-------+--------+-------+
|Total            |        0|      0|       2|     66|
+-----------------+---------+-------+--------+-------+
|Available        |      280|    220|  106400|  53200|
+-----------------+---------+-------+--------+-------+
|Utilization (%)  |        0|      0|   ~0   |   ~0  |
+-----------------+---------+-------+--------+-------+

+ Detail: 
    * Instance: 
    N/A

    * DSP48: 
    N/A

    * Memory: 
    N/A

    * FIFO: 
    N/A

    * Expression: 
    +----------------+----------+-------+---+----+------------+------------+
    |  Variable Name | Operation| DSP48E| FF| LUT| Bitwidth P0| Bitwidth P1|
    +----------------+----------+-------+---+----+------------+------------+
    |a_V_2_fu_87_p2  |     -    |      0|  0|  64|          64|          64|
    |ap_sig_bdd_77   |    and   |      0|  0|   1|           1|           1|
    +----------------+----------+-------+---+----+------------+------------+
    |Total           |          |      0|  0|  65|          65|          65|
    +----------------+----------+-------+---+----+------------+------------+

    * Multiplexer: 
    +---------------------------------+----+-----------+-----+-----------+
    |               Name              | LUT| Input Size| Bits| Total Bits|
    +---------------------------------+----+-----------+-----+-----------+
    |ap_sig_ioackin_io_resp_V_ap_ack  |   1|          2|    1|          2|
    +---------------------------------+----+-----------+-----+-----------+
    |Total                            |   1|          2|    1|          2|
    +---------------------------------+----+-----------+-----+-----------+

    * Register: 
    +---------------------------------+---+----+-----+-----------+
    |               Name              | FF| LUT| Bits| Const Bits|
    +---------------------------------+---+----+-----+-----------+
    |ap_CS_fsm                        |  1|   0|    1|          0|
    |ap_reg_ioackin_io_resp_V_ap_ack  |  1|   0|    1|          0|
    +---------------------------------+---+----+-----+-----------+
    |Total                            |  2|   0|    2|          0|
    +---------------------------------+---+----+-----+-----------+



================================================================
== Interface
================================================================
* Summary: 
+------------------+-----+-----+--------------+--------------+--------------+
|     RTL Ports    | Dir | Bits|   Protocol   | Source Object|    C Type    |
+------------------+-----+-----+--------------+--------------+--------------+
|ap_clk            |  in |    1| ap_ctrl_none |      sub     | return value |
|ap_rst            |  in |    1| ap_ctrl_none |      sub     | return value |
|io_cmd_V          |  in |  160|     ap_hs    |   io_cmd_V   |    pointer   |
|io_cmd_V_ap_vld   |  in |    1|     ap_hs    |   io_cmd_V   |    pointer   |
|io_cmd_V_ap_ack   | out |    1|     ap_hs    |   io_cmd_V   |    pointer   |
|io_resp_V         | out |   74|     ap_hs    |   io_resp_V  |    pointer   |
|io_resp_V_ap_vld  | out |    1|     ap_hs    |   io_resp_V  |    pointer   |
|io_resp_V_ap_ack  |  in |    1|     ap_hs    |   io_resp_V  |    pointer   |
+------------------+-----+-----+--------------+--------------+--------------+

============================================================
+ Verbose Summary: Synthesis Manager
============================================================
InlineROM: 1
ExposeGlobal: 0
============================================================
+ Verbose Summary: CDFG Model
============================================================
IsTopModel: 1
ResetActiveHigh: 1
IsCombinational: 2
IsDatapathOnly: 2
HasWiredReturn: 1
HasMFsm: 0
HasVarLatency: 0
IsPipeline: 0
IsRtlPipelined: 0
IsInstanceOverlapped: 0
IsDontTouch: 0
HasImplIP: 0
IsGatedGlobalClock: 0


============================================================
+ Verbose Summary: Schedule
============================================================
* Number of FSM states: 1
* Pipeline: 0
* Dataflow Pipeline: 0

* FSM state transitions: 
1 --> 
* FSM state operations: 

 <State 1>: 2.80ns
ST_1: stg_2 [1/1] 0.00ns
:0  call void (...)* @_ssdm_op_SpecBitsMap(i74* %io_resp_V), !map !7

ST_1: stg_3 [1/1] 0.00ns
:1  call void (...)* @_ssdm_op_SpecBitsMap(i160* %io_cmd_V), !map !29

ST_1: stg_4 [1/1] 0.00ns
:2  call void (...)* @_ssdm_op_SpecTopModule([4 x i8]* @sub_str) nounwind

ST_1: stg_5 [1/1] 0.00ns
:3  call void (...)* @_ssdm_op_SpecInterface(i74* %io_resp_V, [6 x i8]* @p_str, i32 0, i32 0, i32 0, i32 0, [1 x i8]* @p_str1, [1 x i8]* @p_str1, [1 x i8]* @p_str1, [1 x i8]* @p_str1) nounwind

ST_1: stg_6 [1/1] 0.00ns
:4  call void (...)* @_ssdm_op_SpecInterface(i160* %io_cmd_V, [6 x i8]* @p_str, i32 0, i32 0, i32 0, i32 0, [1 x i8]* @p_str1, [1 x i8]* @p_str1, [1 x i8]* @p_str1, [1 x i8]* @p_str1) nounwind

ST_1: stg_7 [1/1] 0.00ns
:5  call void (...)* @_ssdm_op_SpecInterface(i32 0, [13 x i8]* @p_str2, i32 0, i32 0, i32 0, i32 0, [1 x i8]* @p_str1, [1 x i8]* @p_str1, [1 x i8]* @p_str1, [1 x i8]* @p_str1) nounwind

ST_1: tmp [1/1] 0.00ns
:6  %tmp = call i160 @_ssdm_op_Read.ap_hs.volatile.i160P(i160* %io_cmd_V)

ST_1: tmp_rd_V [1/1] 0.00ns
:7  %tmp_rd_V = call i5 @_ssdm_op_PartSelect.i5.i160.i32.i32(i160 %tmp, i32 20, i32 24)

ST_1: a_V [1/1] 0.00ns
:8  %a_V = call i64 @_ssdm_op_PartSelect.i64.i160.i32.i32(i160 %tmp, i32 32, i32 95)

ST_1: b_V [1/1] 0.00ns
:9  %b_V = call i64 @_ssdm_op_PartSelect.i64.i160.i32.i32(i160 %tmp, i32 96, i32 159)

ST_1: a_V_2 [1/1] 2.80ns
:10  %a_V_2 = sub i64 %a_V, %b_V

ST_1: tmp_1 [1/1] 0.00ns
:11  %tmp_1 = call i74 @_ssdm_op_BitConcatenate.i74.i64.i5.i5(i64 %a_V_2, i5 %tmp_rd_V, i5 0)

ST_1: stg_14 [1/1] 0.00ns
:12  call void @_ssdm_op_Write.ap_hs.volatile.i74P(i74* %io_resp_V, i74 %tmp_1)

ST_1: stg_15 [1/1] 0.00ns
:13  ret void



============================================================
+ Verbose Summary: Binding
============================================================
STG Binding: 
---------------- STG Properties BEGIN ----------------
- Is combinational: 0
- Is one-state seq: 1
- Is datapath-only: 0
- Is clock enabled: 0
- Is pipelined: 0
- Is top level: 1
Port [ Return ] is wired: 1; IO mode=ap_ctrl_none:ce=0
Port [ io_cmd_V]:  wired=1; compound=0; hidden=0; nouse=0; global=0; static=0; extern=0; dir=0; type=0; mode=0x7fabaf0a6ec0; pingpong=0; private_global=0; IO mode=ap_hs:ce=0
Port [ io_resp_V]:  wired=1; compound=0; hidden=0; nouse=0; global=0; static=0; extern=0; dir=1; type=0; mode=0x7fabaf222b00; pingpong=0; private_global=0; IO mode=ap_hs:ce=0
---------------- STG Properties END ------------------

---------------- Datapath Model BEGIN ----------------

<LifeTime>
<method=bitvector/>
stg_2    (specbitsmap   ) [ 00]
stg_3    (specbitsmap   ) [ 00]
stg_4    (spectopmodule ) [ 00]
stg_5    (specinterface ) [ 00]
stg_6    (specinterface ) [ 00]
stg_7    (specinterface ) [ 00]
tmp      (read          ) [ 00]
tmp_rd_V (partselect    ) [ 00]
a_V      (partselect    ) [ 00]
b_V      (partselect    ) [ 00]
a_V_2    (sub           ) [ 00]
tmp_1    (bitconcatenate) [ 00]
stg_14   (write         ) [ 00]
stg_15   (ret           ) [ 00]
</LifeTime>

<model>

<comp_list>
<comp id="0" class="1000" name="io_cmd_V">
<pin_list>
<pin id="1" dir="1" index="0" bw="1" slack="0"/>
</pin_list>
<bind>
<StgValue><ssdm name="io_cmd_V"/></StgValue>
</bind>
</comp>

<comp id="2" class="1000" name="io_resp_V">
<pin_list>
<pin id="3" dir="1" index="0" bw="1" slack="0"/>
</pin_list>
<bind>
<StgValue><ssdm name="io_resp_V"/></StgValue>
</bind>
</comp>

<comp id="4" class="1001" name="const_4">
<pin_list>
<pin id="5" dir="1" index="0" bw="1" slack="2147483647"/>
</pin_list>
<bind>
<StgValue><ssdm name="_ssdm_op_SpecBitsMap"/></StgValue>
</bind>
</comp>

<comp id="6" class="1001" name="const_6">
<pin_list>
<pin id="7" dir="1" index="0" bw="1" slack="2147483647"/>
</pin_list>
<bind>
<StgValue><ssdm name="_ssdm_op_SpecTopModule"/></StgValue>
</bind>
</comp>

<comp id="8" class="1001" name="const_8">
<pin_list>
<pin id="9" dir="1" index="0" bw="1" slack="2147483647"/>
</pin_list>
<bind>
<StgValue><ssdm name="sub_str"/></StgValue>
</bind>
</comp>

<comp id="10" class="1001" name="const_10">
<pin_list>
<pin id="11" dir="1" index="0" bw="1" slack="2147483647"/>
</pin_list>
<bind>
<StgValue><ssdm name="_ssdm_op_SpecInterface"/></StgValue>
</bind>
</comp>

<comp id="12" class="1001" name="const_12">
<pin_list>
<pin id="13" dir="1" index="0" bw="1" slack="2147483647"/>
</pin_list>
<bind>
<StgValue><ssdm name="p_str"/></StgValue>
</bind>
</comp>

<comp id="14" class="1001" name="const_14">
<pin_list>
<pin id="15" dir="1" index="0" bw="1" slack="2147483647"/>
</pin_list>
<bind>
<StgValue><ssdm name=""/></StgValue>
</bind>
</comp>

<comp id="16" class="1001" name="const_16">
<pin_list>
<pin id="17" dir="1" index="0" bw="1" slack="2147483647"/>
</pin_list>
<bind>
<StgValue><ssdm name="p_str1"/></StgValue>
</bind>
</comp>

<comp id="18" class="1001" name="const_18">
<pin_list>
<pin id="19" dir="1" index="0" bw="1" slack="2147483647"/>
</pin_list>
<bind>
<StgValue><ssdm name="p_str2"/></StgValue>
</bind>
</comp>

<comp id="20" class="1001" name="const_20">
<pin_list>
<pin id="21" dir="1" index="0" bw="1" slack="0"/>
</pin_list>
<bind>
<StgValue><ssdm name="_ssdm_op_Read.ap_hs.volatile.i160P"/></StgValue>
</bind>
</comp>

<comp id="22" class="1001" name="const_22">
<pin_list>
<pin id="23" dir="1" index="0" bw="1" slack="0"/>
</pin_list>
<bind>
<StgValue><ssdm name="_ssdm_op_PartSelect.i5.i160.i32.i32"/></StgValue>
</bind>
</comp>

<comp id="24" class="1001" name="const_24">
<pin_list>
<pin id="25" dir="1" index="0" bw="1" slack="0"/>
</pin_list>
<bind>
<StgValue><ssdm name=""/></StgValue>
</bind>
</comp>

<comp id="26" class="1001" name="const_26">
<pin_list>
<pin id="27" dir="1" index="0" bw="1" slack="0"/>
</pin_list>
<bind>
<StgValue><ssdm name=""/></StgValue>
</bind>
</comp>

<comp id="28" class="1001" name="const_28">
<pin_list>
<pin id="29" dir="1" index="0" bw="1" slack="0"/>
</pin_list>
<bind>
<StgValue><ssdm name="_ssdm_op_PartSelect.i64.i160.i32.i32"/></StgValue>
</bind>
</comp>

<comp id="30" class="1001" name="const_30">
<pin_list>
<pin id="31" dir="1" index="0" bw="1" slack="0"/>
</pin_list>
<bind>
<StgValue><ssdm name=""/></StgValue>
</bind>
</comp>

<comp id="32" class="1001" name="const_32">
<pin_list>
<pin id="33" dir="1" index="0" bw="1" slack="0"/>
</pin_list>
<bind>
<StgValue><ssdm name=""/></StgValue>
</bind>
</comp>

<comp id="34" class="1001" name="const_34">
<pin_list>
<pin id="35" dir="1" index="0" bw="1" slack="0"/>
</pin_list>
<bind>
<StgValue><ssdm name=""/></StgValue>
</bind>
</comp>

<comp id="36" class="1001" name="const_36">
<pin_list>
<pin id="37" dir="1" index="0" bw="1" slack="0"/>
</pin_list>
<bind>
<StgValue><ssdm name=""/></StgValue>
</bind>
</comp>

<comp id="38" class="1001" name="const_38">
<pin_list>
<pin id="39" dir="1" index="0" bw="1" slack="0"/>
</pin_list>
<bind>
<StgValue><ssdm name="_ssdm_op_BitConcatenate.i74.i64.i5.i5"/></StgValue>
</bind>
</comp>

<comp id="40" class="1001" name="const_40">
<pin_list>
<pin id="41" dir="1" index="0" bw="1" slack="0"/>
</pin_list>
<bind>
<StgValue><ssdm name=""/></StgValue>
</bind>
</comp>

<comp id="42" class="1001" name="const_42">
<pin_list>
<pin id="43" dir="1" index="0" bw="1" slack="0"/>
</pin_list>
<bind>
<StgValue><ssdm name="_ssdm_op_Write.ap_hs.volatile.i74P"/></StgValue>
</bind>
</comp>

<comp id="44" class="1004" name="tmp_read_fu_44">
<pin_list>
<pin id="45" dir="0" index="0" bw="160" slack="0"/>
<pin id="46" dir="0" index="1" bw="160" slack="0"/>
<pin id="47" dir="1" index="2" bw="160" slack="0"/>
</pin_list>
<bind>
<opcode="read(1150) " fcode="read"/>
<opset="tmp/1 "/>
</bind>
</comp>

<comp id="50" class="1004" name="stg_14_write_fu_50">
<pin_list>
<pin id="51" dir="0" index="0" bw="0" slack="0"/>
<pin id="52" dir="0" index="1" bw="74" slack="0"/>
<pin id="53" dir="0" index="2" bw="74" slack="0"/>
<pin id="54" dir="1" index="3" bw="0" slack="2147483647"/>
</pin_list>
<bind>
<opcode="write(1151) " fcode="write"/>
<opset="stg_14/1 "/>
</bind>
</comp>

<comp id="57" class="1004" name="tmp_rd_V_fu_57">
<pin_list>
<pin id="58" dir="0" index="0" bw="5" slack="0"/>
<pin id="59" dir="0" index="1" bw="160" slack="0"/>
<pin id="60" dir="0" index="2" bw="6" slack="0"/>
<pin id="61" dir="0" index="3" bw="6" slack="0"/>
<pin id="62" dir="1" index="4" bw="5" slack="0"/>
</pin_list>
<bind>
<opcode="partselect(1002) " fcode="partselect"/>
<opset="tmp_rd_V/1 "/>
</bind>
</comp>

<comp id="67" class="1004" name="a_V_fu_67">
<pin_list>
<pin id="68" dir="0" index="0" bw="64" slack="0"/>
<pin id="69" dir="0" index="1" bw="160" slack="0"/>
<pin id="70" dir="0" index="2" bw="7" slack="0"/>
<pin id="71" dir="0" index="3" bw="8" slack="0"/>
<pin id="72" dir="1" index="4" bw="64" slack="0"/>
</pin_list>
<bind>
<opcode="partselect(1002) " fcode="partselect"/>
<opset="a_V/1 "/>
</bind>
</comp>

<comp id="77" class="1004" name="b_V_fu_77">
<pin_list>
<pin id="78" dir="0" index="0" bw="64" slack="0"/>
<pin id="79" dir="0" index="1" bw="160" slack="0"/>
<pin id="80" dir="0" index="2" bw="8" slack="0"/>
<pin id="81" dir="0" index="3" bw="9" slack="0"/>
<pin id="82" dir="1" index="4" bw="64" slack="0"/>
</pin_list>
<bind>
<opcode="partselect(1002) " fcode="partselect"/>
<opset="b_V/1 "/>
</bind>
</comp>

<comp id="87" class="1004" name="a_V_2_fu_87">
<pin_list>
<pin id="88" dir="0" index="0" bw="64" slack="0"/>
<pin id="89" dir="0" index="1" bw="64" slack="0"/>
<pin id="90" dir="1" index="2" bw="64" slack="0"/>
</pin_list>
<bind>
<opcode="sub(10) " fcode="sub"/>
<opset="a_V_2/1 "/>
</bind>
</comp>

<comp id="93" class="1004" name="tmp_1_fu_93">
<pin_list>
<pin id="94" dir="0" index="0" bw="74" slack="0"/>
<pin id="95" dir="0" index="1" bw="64" slack="0"/>
<pin id="96" dir="0" index="2" bw="5" slack="0"/>
<pin id="97" dir="0" index="3" bw="1" slack="0"/>
<pin id="98" dir="1" index="4" bw="74" slack="0"/>
</pin_list>
<bind>
<opcode="bitconcatenate(1004) " fcode="bitconcatenate"/>
<opset="tmp_1/1 "/>
</bind>
</comp>

</comp_list>

<net_list>
<net id="48"><net_src comp="20" pin="0"/><net_sink comp="44" pin=0"/></net>

<net id="49"><net_src comp="0" pin="0"/><net_sink comp="44" pin=1"/></net>

<net id="55"><net_src comp="42" pin="0"/><net_sink comp="50" pin=0"/></net>

<net id="56"><net_src comp="2" pin="0"/><net_sink comp="50" pin=1"/></net>

<net id="63"><net_src comp="22" pin="0"/><net_sink comp="57" pin=0"/></net>

<net id="64"><net_src comp="44" pin="2"/><net_sink comp="57" pin=1"/></net>

<net id="65"><net_src comp="24" pin="0"/><net_sink comp="57" pin=2"/></net>

<net id="66"><net_src comp="26" pin="0"/><net_sink comp="57" pin=3"/></net>

<net id="73"><net_src comp="28" pin="0"/><net_sink comp="67" pin=0"/></net>

<net id="74"><net_src comp="44" pin="2"/><net_sink comp="67" pin=1"/></net>

<net id="75"><net_src comp="30" pin="0"/><net_sink comp="67" pin=2"/></net>

<net id="76"><net_src comp="32" pin="0"/><net_sink comp="67" pin=3"/></net>

<net id="83"><net_src comp="28" pin="0"/><net_sink comp="77" pin=0"/></net>

<net id="84"><net_src comp="44" pin="2"/><net_sink comp="77" pin=1"/></net>

<net id="85"><net_src comp="34" pin="0"/><net_sink comp="77" pin=2"/></net>

<net id="86"><net_src comp="36" pin="0"/><net_sink comp="77" pin=3"/></net>

<net id="91"><net_src comp="67" pin="4"/><net_sink comp="87" pin=0"/></net>

<net id="92"><net_src comp="77" pin="4"/><net_sink comp="87" pin=1"/></net>

<net id="99"><net_src comp="38" pin="0"/><net_sink comp="93" pin=0"/></net>

<net id="100"><net_src comp="87" pin="2"/><net_sink comp="93" pin=1"/></net>

<net id="101"><net_src comp="57" pin="4"/><net_sink comp="93" pin=2"/></net>

<net id="102"><net_src comp="40" pin="0"/><net_sink comp="93" pin=3"/></net>

<net id="103"><net_src comp="93" pin="4"/><net_sink comp="50" pin=2"/></net>

</net_list>

</model> 
---------------- Datapath Model END ------------------

* FSMD analyzer results:
  - Output states:
	Port: io_resp_V | {1 }
  - Chain level:
	State 1
		a_V_2 : 1
		tmp_1 : 2
		stg_14 : 3


============================================================
+ Verbose Summary: Datapath Resource usage 
============================================================

* Functional unit list:
|----------|--------------------|---------|---------|
| Operation|   Functional Unit  |    FF   |   LUT   |
|----------|--------------------|---------|---------|
|    sub   |     a_V_2_fu_87    |    0    |    64   |
|----------|--------------------|---------|---------|
|   read   |   tmp_read_fu_44   |    0    |    0    |
|----------|--------------------|---------|---------|
|   write  | stg_14_write_fu_50 |    0    |    0    |
|----------|--------------------|---------|---------|
|          |   tmp_rd_V_fu_57   |    0    |    0    |
|partselect|      a_V_fu_67     |    0    |    0    |
|          |      b_V_fu_77     |    0    |    0    |
|----------|--------------------|---------|---------|
|bitconcatenate|     tmp_1_fu_93    |    0    |    0    |
|----------|--------------------|---------|---------|
|   Total  |                    |    0    |    64   |
|----------|--------------------|---------|---------|

Memories:
N/A

* Register list:
N/A

* Multiplexer (MUX) list: 
|--------|------|------|------|--------|
|  Comp  |  Pin | Size |  BW  | S x BW |
|--------|------|------|------|--------|
|  Total |      |      |      |    0   |
|--------|------|------|------|--------|



* Summary:
+-----------+--------+--------+
|           |   FF   |   LUT  |
+-----------+--------+--------+
|  Function |    0   |   64   |
|   Memory  |    -   |    -   |
|Multiplexer|    -   |    -   |
|  Register |    -   |    -   |
+-----------+--------+--------+
|   Total   |    0   |   64   |
+-----------+--------+--------+
