================================================================
  Vivado(TM) HLS - High-Level Synthesis from C, C++ and SystemC
  Version 2015.3
  Build 1368829 on Mon Sep 28 20:31:51 PM 2015
  Copyright (C) 2015 Xilinx Inc. All rights reserved.
================================================================
@I [LIC-101] Checked out feature [HLS]
@I [HLS-10] Running '/work/zhang/common/tools/xilinx/Vivado_HLS/2015.3/bin/unwrapped/lnx64.o/vivado_hls'
            for user 'mww52' on host 'en-ec-zhang-01.coecis.cornell.edu' (Linux_x86_64 version 2.6.32-573.22.1.el6.x86_64) on Wed Jul 06 21:39:04 EDT 2016
            in directory '/work/zhang/common/tools/rocket/rocket-chip/gcd-rocket-vivado-hls'
@I [HLS-10] Opening project '/work/zhang/common/tools/rocket/rocket-chip/gcd-rocket-vivado-hls/sub3'.
@I [HLS-10] Adding design file 'sub3.cpp' to the project
@I [HLS-10] Adding test bench file 'sub3.cpp' to the project
@I [HLS-10] Opening and resetting solution '/work/zhang/common/tools/rocket/rocket-chip/gcd-rocket-vivado-hls/sub3/solution'.
@I [HLS-10] Cleaning up the solution database.
@I [HLS-10] Setting target device to 'xc7z020clg484-2'
@I [SYN-201] Setting up clock 'default' with a period of 5ns.
   Compiling ../../../../sub3.cpp in debug mode
   Generating csim.exe
35
@I [SIM-1] CSim done with 0 errors.
@I [HLS-10] Analyzing design file 'sub3.cpp' ... 
@I [HLS-10] Validating synthesis directives ...
@I [HLS-10] Starting code transformations ...
@I [HLS-10] Checking synthesizability ...
@I [XFORM-1101] Packing variable 'io_cmd.V' (sub3.cpp:29) into a 160-bit variable.
@I [XFORM-1101] Packing variable 'io_resp.V' (sub3.cpp:29) into a 74-bit variable.
@I [HLS-111] Elapsed time: 4.67 seconds; current memory usage: 0.184 MB.
@I [HLS-10] Starting hardware synthesis ...
@I [HLS-10] Synthesizing 'sub3' ...
@I [HLS-10] ----------------------------------------------------------------
@I [HLS-10] -- Scheduling module 'sub3' 
@I [HLS-10] ----------------------------------------------------------------
@I [SCHED-11] Starting scheduling ...
@I [SCHED-11] Finished scheduling.
@I [HLS-111] Elapsed time: 0.01 seconds; current memory usage: 0.184 MB.
@I [HLS-10] ----------------------------------------------------------------
@I [HLS-10] -- Exploring micro-architecture for module 'sub3' 
@I [HLS-10] ----------------------------------------------------------------
@I [BIND-100] Starting micro-architecture generation ...
@I [BIND-101] Performing variable lifetime analysis.
@I [BIND-101] Exploring resource sharing.
@I [BIND-101] Binding ...
@I [BIND-100] Finished micro-architecture generation.
@I [HLS-111] Elapsed time: 0.01 seconds; current memory usage: 0.184 MB.
@I [HLS-10] ----------------------------------------------------------------
@I [HLS-10] -- Generating RTL for module 'sub3' 
@I [HLS-10] ----------------------------------------------------------------
@I [RTGEN-500] Setting interface mode on port 'sub3/io_cmd_V' to 'ap_hs'.
@I [RTGEN-500] Setting interface mode on port 'sub3/io_resp_V' to 'ap_hs'.
@I [RTGEN-500] Setting interface mode on function 'sub3' to 'ap_ctrl_none'.
@I [RTGEN-100] Finished creating RTL model for 'sub3'.
@I [HLS-111] Elapsed time: 0.02 seconds; current memory usage: 0.184 MB.
@I [HLS-10] Finished generating all RTL models.
@I [WSYSC-301] Generating RTL SystemC for 'sub3'.
@I [WVHDL-304] Generating RTL VHDL for 'sub3'.
@I [WVLOG-307] Generating RTL Verilog for 'sub3'.
@I [HLS-112] Total elapsed time: 20.528 seconds; peak memory usage: 0.184 MB.
@I [LIC-101] Checked in feature [HLS]
